2021-03-27T02:38:47.933-0300 [DEBUG] [org.gradle.launcher.daemon.bootstrap.DaemonMain] Assuming the daemon was started with following jvm opts: [-Xmx2048m, -Dfile.encoding=UTF-8, -Djava.io.tmpdir=/home/dalison/.var/app/com.google.AndroidStudio/cache, -Duser.country=BR, -Duser.language=pt, -Duser.variant]
2021-03-27T02:38:48.093-0300 [INFO] [org.gradle.launcher.daemon.server.Daemon] start() called on daemon - DefaultDaemonContext[uid=1ec51472-d578-4561-9102-06966eac1ae2,javaHome=/app/extra/android-studio/jre,daemonRegistryDir=/home/dalison/AndroidStudioProjects/app/gradle/daemon,pid=235,idleTimeout=10800000,priority=NORMAL,daemonOpts=-Xmx2048m,-Dfile.encoding=UTF-8,-Djava.io.tmpdir=/home/dalison/.var/app/com.google.AndroidStudio/cache,-Duser.country=BR,-Duser.language=pt,-Duser.variant]
2021-03-27T02:38:48.111-0300 [DEBUG] [org.gradle.internal.remote.internal.inet.InetAddresses] Adding IP addresses for network interface enp4s0
2021-03-27T02:38:48.111-0300 [DEBUG] [org.gradle.internal.remote.internal.inet.InetAddresses] Is this a loopback interface? false
2021-03-27T02:38:48.111-0300 [DEBUG] [org.gradle.internal.remote.internal.inet.InetAddresses] Adding remote address /fe80:0:0:0:7d54:497c:a89e:838b%enp4s0
2021-03-27T02:38:48.112-0300 [DEBUG] [org.gradle.internal.remote.internal.inet.InetAddresses] Adding remote address /192.168.0.4
2021-03-27T02:38:48.112-0300 [DEBUG] [org.gradle.internal.remote.internal.inet.InetAddresses] Adding IP addresses for network interface lo
2021-03-27T02:38:48.114-0300 [DEBUG] [org.gradle.internal.remote.internal.inet.InetAddresses] Is this a loopback interface? true
2021-03-27T02:38:48.114-0300 [DEBUG] [org.gradle.internal.remote.internal.inet.InetAddresses] Adding loopback address /0:0:0:0:0:0:0:1%lo
2021-03-27T02:38:48.114-0300 [DEBUG] [org.gradle.internal.remote.internal.inet.InetAddresses] Adding loopback address /127.0.0.1
2021-03-27T02:38:48.117-0300 [DEBUG] [org.gradle.internal.remote.internal.inet.TcpIncomingConnector] Listening on [3e944a0d-a632-4c9c-8895-18adacfa95ab port:34405, addresses:[localhost/127.0.0.1]].
2021-03-27T02:38:48.120-0300 [DEBUG] [org.gradle.launcher.daemon.server.Daemon] Daemon starting at: Sat Mar 27 02:38:48 BRT 2021, with address: [3e944a0d-a632-4c9c-8895-18adacfa95ab port:34405, addresses:[localhost/127.0.0.1]]
2021-03-27T02:38:48.121-0300 [INFO] [org.gradle.launcher.daemon.server.DaemonRegistryUpdater] Advertising the daemon address to the clients: [3e944a0d-a632-4c9c-8895-18adacfa95ab port:34405, addresses:[localhost/127.0.0.1]]
2021-03-27T02:38:48.121-0300 [DEBUG] [org.gradle.launcher.daemon.server.DaemonRegistryUpdater] Advertised daemon context: DefaultDaemonContext[uid=1ec51472-d578-4561-9102-06966eac1ae2,javaHome=/app/extra/android-studio/jre,daemonRegistryDir=/home/dalison/AndroidStudioProjects/app/gradle/daemon,pid=235,idleTimeout=10800000,priority=NORMAL,daemonOpts=-Xmx2048m,-Dfile.encoding=UTF-8,-Djava.io.tmpdir=/home/dalison/.var/app/com.google.AndroidStudio/cache,-Duser.country=BR,-Duser.language=pt,-Duser.variant]
2021-03-27T02:38:48.122-0300 [DEBUG] [org.gradle.launcher.daemon.registry.PersistentDaemonRegistry] Storing daemon address: [3e944a0d-a632-4c9c-8895-18adacfa95ab port:34405, addresses:[localhost/127.0.0.1]], context: DefaultDaemonContext[uid=1ec51472-d578-4561-9102-06966eac1ae2,javaHome=/app/extra/android-studio/jre,daemonRegistryDir=/home/dalison/AndroidStudioProjects/app/gradle/daemon,pid=235,idleTimeout=10800000,priority=NORMAL,daemonOpts=-Xmx2048m,-Dfile.encoding=UTF-8,-Djava.io.tmpdir=/home/dalison/.var/app/com.google.AndroidStudio/cache,-Duser.country=BR,-Duser.language=pt,-Duser.variant]
2021-03-27T02:38:48.133-0300 [DEBUG] [org.gradle.cache.internal.DefaultFileLockManager] Waiting to acquire exclusive lock on daemon addresses registry.
2021-03-27T02:38:48.137-0300 [DEBUG] [org.gradle.cache.internal.DefaultFileLockManager] Lock acquired on daemon addresses registry.
2021-03-27T02:38:48.143-0300 [DEBUG] [org.gradle.cache.internal.DefaultFileLockManager] Releasing lock on daemon addresses registry.
2021-03-27T02:38:48.143-0300 [LIFECYCLE] [org.gradle.launcher.daemon.server.Daemon] Daemon server started.
2021-03-27T02:38:48.146-0300 [DEBUG] [org.gradle.launcher.daemon.bootstrap.DaemonStartupCommunication] Completed writing the daemon greeting. Closing streams...
2021-03-27T02:38:48.155-0300 [DEBUG] [org.gradle.launcher.daemon.server.Daemon] stopOnExpiration() called on daemon
2021-03-27T02:38:48.160-0300 [DEBUG] [org.gradle.launcher.daemon.server.Daemon] awaitExpiration() called on daemon
2021-03-27T02:38:48.161-0300 [DEBUG] [org.gradle.launcher.daemon.server.DaemonStateCoordinator] daemon is running. Sleeping until state changes.
2021-03-27T02:38:48.166-0300 [DEBUG] [org.gradle.internal.remote.internal.inet.TcpIncomingConnector] Accepted connection from /127.0.0.1:43524 to /127.0.0.1:34405.
2021-03-27T02:38:48.304-0300 [DEBUG] [org.gradle.launcher.daemon.server.SynchronizedDispatchConnection] thread 15: received class org.gradle.launcher.daemon.protocol.Build
2021-03-27T02:38:48.304-0300 [DEBUG] [org.gradle.launcher.daemon.server.DefaultDaemonConnection] thread 15: Received non-IO message from client: Build{id=e067b274-c996-46f8-af66-d7b6eb0d68e3, currentDir=/home/dalison/AndroidStudioProjects/app}
2021-03-27T02:38:48.308-0300 [INFO] [org.gradle.launcher.daemon.server.DefaultIncomingConnectionHandler] Received command: Build{id=e067b274-c996-46f8-af66-d7b6eb0d68e3, currentDir=/home/dalison/AndroidStudioProjects/app}.
2021-03-27T02:38:48.309-0300 [DEBUG] [org.gradle.launcher.daemon.server.DefaultIncomingConnectionHandler] Starting executing command: Build{id=e067b274-c996-46f8-af66-d7b6eb0d68e3, currentDir=/home/dalison/AndroidStudioProjects/app} with connection: socket connection from /127.0.0.1:34405 to /127.0.0.1:43524.
2021-03-27T02:38:48.317-0300 [ERROR] [org.gradle.launcher.daemon.server.DaemonStateCoordinator] Command execution: started DaemonCommandExecution[command = Build{id=e067b274-c996-46f8-af66-d7b6eb0d68e3, currentDir=/home/dalison/AndroidStudioProjects/app}, connection = DefaultDaemonConnection: socket connection from /127.0.0.1:34405 to /127.0.0.1:43524] after 0.0 minutes of idle
2021-03-27T02:38:48.317-0300 [INFO] [org.gradle.launcher.daemon.server.DaemonRegistryUpdater] Marking the daemon as busy, address: [3e944a0d-a632-4c9c-8895-18adacfa95ab port:34405, addresses:[localhost/127.0.0.1]]
2021-03-27T02:38:48.317-0300 [DEBUG] [org.gradle.launcher.daemon.registry.PersistentDaemonRegistry] Marking busy by address: [3e944a0d-a632-4c9c-8895-18adacfa95ab port:34405, addresses:[localhost/127.0.0.1]]
2021-03-27T02:38:48.320-0300 [DEBUG] [org.gradle.cache.internal.DefaultFileLockManager] Waiting to acquire exclusive lock on daemon addresses registry.
2021-03-27T02:38:48.321-0300 [DEBUG] [org.gradle.cache.internal.DefaultFileLockManager] Lock acquired on daemon addresses registry.
2021-03-27T02:38:48.323-0300 [DEBUG] [org.gradle.cache.internal.DefaultFileLockManager] Releasing lock on daemon addresses registry.
2021-03-27T02:38:48.323-0300 [DEBUG] [org.gradle.launcher.daemon.server.DaemonStateCoordinator] resetting idle timer
2021-03-27T02:38:48.324-0300 [DEBUG] [org.gradle.launcher.daemon.server.DaemonStateCoordinator] daemon is running. Sleeping until state changes.
2021-03-27T02:38:48.324-0300 [INFO] [org.gradle.launcher.daemon.server.exec.StartBuildOrRespondWithBusy] Daemon is about to start building Build{id=e067b274-c996-46f8-af66-d7b6eb0d68e3, currentDir=/home/dalison/AndroidStudioProjects/app}. Dispatching build started information...
2021-03-27T02:38:48.325-0300 [DEBUG] [org.gradle.launcher.daemon.server.SynchronizedDispatchConnection] thread 17: dispatching org.gradle.launcher.daemon.protocol.BuildStarted@213560b
2021-03-27T02:38:48.326-0300 [DEBUG] [org.gradle.launcher.daemon.server.exec.EstablishBuildEnvironment] Configuring env variables: {PATH=/app/bin:/usr/bin:, XAUTHORITY=/run/user/1000/Xauthority, XDG_DATA_DIRS=/app/share:/usr/share:/usr/share/runtime/share:/run/host/user-share:/run/host/share, MANDATORY_PATH=/usr/share/gconf/cinnamon.mandatory.path, GDMSESSION=cinnamon, DBUS_SESSION_BUS_ADDRESS=unix:path=/run/user/1000/bus, DEFAULTS_PATH=/usr/share/gconf/cinnamon.default.path, XDG_CURRENT_DESKTOP=X-Cinnamon, XDG_CACHE_HOME=/home/dalison/.var/app/com.google.AndroidStudio/cache, SSH_AGENT_PID=1003, SESSION_MANAGER=local/dalison-B85M-D3PH:@/tmp/.ICE-unix/933,unix/dalison-B85M-D3PH:/tmp/.ICE-unix/933, ALSA_CONFIG_PATH=/usr/share/alsa/alsa-flatpak.conf, LOGNAME=dalison, GST_PLUGIN_SYSTEM_PATH=/app/lib/gstreamer-1.0:/usr/lib/extensions/gstreamer-1.0:/usr/lib/x86_64-linux-gnu/gstreamer-1.0, PWD=/home/dalison, LANGUAGE=pt_BR:pt:en, GJS_DEBUG_TOPICS=JS ERROR;JS LOG, SHELL=/bin/sh, GIO_LAUNCHED_DESKTOP_FILE=/var/lib/flatpak/exports/share/applications/com.google.AndroidStudio.desktop, AT_SPI_BUS_ADDRESS=unix:path=/run/user/1000/at-spi-bus, OLDPWD=/app/extra/android-studio/bin, GNOME_DESKTOP_SESSION_ID=this-is-deprecated, GTK_MODULES=gail:atk-bridge, XDG_SESSION_PATH=/org/freedesktop/DisplayManager/Session0, _JAVA_OPTIONS=-Djava.io.tmpdir=/home/dalison/.var/app/com.google.AndroidStudio/cache, ALSA_CONFIG_DIR=/usr/share/alsa, XDG_SESSION_DESKTOP=cinnamon, SHLVL=1, PULSE_CLIENTCONFIG=/run/user/1000/pulse/config, JAVA_HOME=/app/extra/android-studio/jre, XDG_CONFIG_DIRS=/app/etc/xdg:/etc/xdg, LANG=pt_BR.UTF-8, XDG_SEAT_PATH=/org/freedesktop/DisplayManager/Seat0, XDG_SESSION_ID=c1, XDG_SESSION_TYPE=x11, FLATPAK_SANDBOX_DIR=/home/dalison/.var/app/com.google.AndroidStudio/sandbox, DISPLAY=:99.0, QT_DEVICE_PIXEL_RATIO=auto, CINNAMON_VERSION=4.4.8, GI_TYPELIB_PATH=/app/lib/girepository-1.0, _=/app/extra/android-studio/jre/bin/java, PT7HOME=/opt/pt, GDM_LANG=pt_BR, XDG_DATA_HOME=/home/dalison/.var/app/com.google.AndroidStudio/data, XDG_GREETER_DATA_DIR=/var/lib/lightdm-data/dalison, DESKTOP_SESSION=cinnamon, GPG_AGENT_INFO=/run/user/1000/gnupg/S.gpg-agent:0:1, USER=dalison, XDG_CONFIG_HOME=/home/dalison/.var/app/com.google.AndroidStudio/config, GIO_LAUNCHED_DESKTOP_FILE_PID=2193, QT_ACCESSIBILITY=1, PULSE_SERVER=unix:/run/user/1000/pulse/native, GJS_DEBUG_OUTPUT=stderr, XDG_SEAT=seat0, SSH_AUTH_SOCK=/run/user/1000/ssh-auth, GTK_OVERLAY_SCROLLING=1, QT_QPA_PLATFORMTHEME=qt5ct, XDG_VTNR=7, XDG_RUNTIME_DIR=/run/user/1000, HOME=/home/dalison}
2021-03-27T02:38:48.330-0300 [DEBUG] [org.gradle.launcher.daemon.server.exec.LogToClient] About to start relaying all logs to the client via the connection.
2021-03-27T02:38:48.330-0300 [INFO] [org.gradle.launcher.daemon.server.exec.LogToClient] The client will now receive all logging from the daemon (pid: 235). The daemon log file: /home/dalison/AndroidStudioProjects/app/gradle/daemon/6.5/daemon-235.out.log
2021-03-27T02:38:48.337-0300 [INFO] [org.gradle.launcher.daemon.server.exec.LogAndCheckHealth] Starting build in new daemon [memory: 1,9 GB]
2021-03-27T02:38:48.339-0300 [DEBUG] [org.gradle.launcher.daemon.server.SynchronizedDispatchConnection] thread 15: received class org.gradle.launcher.daemon.protocol.CloseInput
2021-03-27T02:38:48.339-0300 [DEBUG] [org.gradle.launcher.daemon.server.DefaultDaemonConnection] thread 15: Received IO message from client: org.gradle.launcher.daemon.protocol.CloseInput@470531a1
2021-03-27T02:38:48.345-0300 [DEBUG] [org.gradle.launcher.daemon.server.exec.ExecuteBuild] The daemon has started executing the build.
2021-03-27T02:38:48.345-0300 [DEBUG] [org.gradle.launcher.daemon.server.exec.ExecuteBuild] Executing build with daemon context: DefaultDaemonContext[uid=1ec51472-d578-4561-9102-06966eac1ae2,javaHome=/app/extra/android-studio/jre,daemonRegistryDir=/home/dalison/AndroidStudioProjects/app/gradle/daemon,pid=235,idleTimeout=10800000,priority=NORMAL,daemonOpts=-Xmx2048m,-Dfile.encoding=UTF-8,-Djava.io.tmpdir=/home/dalison/.var/app/com.google.AndroidStudio/cache,-Duser.country=BR,-Duser.language=pt,-Duser.variant]
2021-03-27T02:38:48.347-0300 [INFO] [org.gradle.launcher.daemon.server.exec.ForwardClientInput] Closing daemon's stdin at end of input.
2021-03-27T02:38:48.347-0300 [INFO] [org.gradle.launcher.daemon.server.exec.ForwardClientInput] The daemon will no longer process any standard input.

FAILURE: Build failed with an exception.

* What went wrong:
Build cancelled.

* Try:
Run with --info or --debug option to get more log output. Run with --scan to get full insights.

* Exception is:
org.gradle.api.BuildCancelledException: Build cancelled.
	at org.gradle.execution.TaskPathProjectEvaluator.configure(TaskPathProjectEvaluator.java:34)
	at org.gradle.execution.TaskPathProjectEvaluator.configureHierarchy(TaskPathProjectEvaluator.java:64)
	at org.gradle.configuration.DefaultProjectsPreparer.prepareProjects(DefaultProjectsPreparer.java:61)
	at org.gradle.configuration.BuildOperatingFiringProjectsPreparer$ConfigureBuild.run(BuildOperatingFiringProjectsPreparer.java:52)
	at org.gradle.internal.operations.DefaultBuildOperationExecutor$RunnableBuildOperationWorker.execute(DefaultBuildOperationExecutor.java:395)
	at org.gradle.internal.operations.DefaultBuildOperationExecutor$RunnableBuildOperationWorker.execute(DefaultBuildOperationExecutor.java:387)
	at org.gradle.internal.operations.DefaultBuildOperationExecutor$1.execute(DefaultBuildOperationExecutor.java:157)
	at org.gradle.internal.operations.DefaultBuildOperationExecutor.execute(DefaultBuildOperationExecutor.java:242)
	at org.gradle.internal.operations.DefaultBuildOperationExecutor.execute(DefaultBuildOperationExecutor.java:150)
	at org.gradle.internal.operations.DefaultBuildOperationExecutor.run(DefaultBuildOperationExecutor.java:84)
	at org.gradle.internal.operations.DelegatingBuildOperationExecutor.run(DelegatingBuildOperationExecutor.java:31)
	at org.gradle.configuration.BuildOperatingFiringProjectsPreparer.prepareProjects(BuildOperatingFiringProjectsPreparer.java:40)
	at org.gradle.initialization.DefaultGradleLauncher.prepareProjects(DefaultGradleLauncher.java:220)
	at org.gradle.initialization.DefaultGradleLauncher.doClassicBuildStages(DefaultGradleLauncher.java:155)
	at org.gradle.initialization.DefaultGradleLauncher.doBuildStages(DefaultGradleLauncher.java:140)
	at org.gradle.initialization.DefaultGradleLauncher.executeTasks(DefaultGradleLauncher.java:120)
	at org.gradle.internal.invocation.GradleBuildController$1.create(GradleBuildController.java:74)
	at org.gradle.internal.invocation.GradleBuildController$1.create(GradleBuildController.java:67)
	at org.gradle.internal.work.DefaultWorkerLeaseService.withLocks(DefaultWorkerLeaseService.java:180)
	at org.gradle.internal.work.StopShieldingWorkerLeaseService.withLocks(StopShieldingWorkerLeaseService.java:40)
	at org.gradle.internal.invocation.GradleBuildController.doBuild(GradleBuildController.java:67)
	at org.gradle.internal.invocation.GradleBuildController.run(GradleBuildController.java:56)
	at org.gradle.tooling.internal.provider.runner.ClientProvidedPhasedActionRunner.run(ClientProvidedPhasedActionRunner.java:60)
	at org.gradle.launcher.exec.ChainingBuildActionRunner.run(ChainingBuildActionRunner.java:35)
	at org.gradle.launcher.exec.ChainingBuildActionRunner.run(ChainingBuildActionRunner.java:35)
	at org.gradle.launcher.exec.BuildOutcomeReportingBuildActionRunner.run(BuildOutcomeReportingBuildActionRunner.java:63)
	at org.gradle.tooling.internal.provider.ValidatingBuildActionRunner.run(ValidatingBuildActionRunner.java:32)
	at org.gradle.launcher.exec.BuildCompletionNotifyingBuildActionRunner.run(BuildCompletionNotifyingBuildActionRunner.java:39)
	at org.gradle.launcher.exec.RunAsBuildOperationBuildActionRunner$3.call(RunAsBuildOperationBuildActionRunner.java:51)
	at org.gradle.launcher.exec.RunAsBuildOperationBuildActionRunner$3.call(RunAsBuildOperationBuildActionRunner.java:45)
	at org.gradle.internal.operations.DefaultBuildOperationExecutor$CallableBuildOperationWorker.execute(DefaultBuildOperationExecutor.java:409)
	at org.gradle.internal.operations.DefaultBuildOperationExecutor$CallableBuildOperationWorker.execute(DefaultBuildOperationExecutor.java:399)
	at org.gradle.internal.operations.DefaultBuildOperationExecutor$1.execute(DefaultBuildOperationExecutor.java:157)
	at org.gradle.internal.operations.DefaultBuildOperationExecutor.execute(DefaultBuildOperationExecutor.java:242)
	at org.gradle.internal.operations.DefaultBuildOperationExecutor.execute(DefaultBuildOperationExecutor.java:150)
	at org.gradle.internal.operations.DefaultBuildOperationExecutor.call(DefaultBuildOperationExecutor.java:94)
	at org.gradle.internal.operations.DelegatingBuildOperationExecutor.call(DelegatingBuildOperationExecutor.java:36)
	at org.gradle.launcher.exec.RunAsBuildOperationBuildActionRunner.run(RunAsBuildOperationBuildActionRunner.java:45)
	at org.gradle.launcher.exec.InProcessBuildActionExecuter$1.transform(InProcessBuildActionExecuter.java:50)
	at org.gradle.launcher.exec.InProcessBuildActionExecuter$1.transform(InProcessBuildActionExecuter.java:47)
	at org.gradle.composite.internal.DefaultRootBuildState.run(DefaultRootBuildState.java:80)
	at org.gradle.launcher.exec.InProcessBuildActionExecuter.execute(InProcessBuildActionExecuter.java:47)
	at org.gradle.launcher.exec.InProcessBuildActionExecuter.execute(InProcessBuildActionExecuter.java:31)
	at org.gradle.launcher.exec.BuildTreeScopeBuildActionExecuter.execute(BuildTreeScopeBuildActionExecuter.java:42)
	at org.gradle.launcher.exec.BuildTreeScopeBuildActionExecuter.execute(BuildTreeScopeBuildActionExecuter.java:28)
	at org.gradle.tooling.internal.provider.ContinuousBuildActionExecuter.execute(ContinuousBuildActionExecuter.java:87)
	at org.gradle.tooling.internal.provider.ContinuousBuildActionExecuter.execute(ContinuousBuildActionExecuter.java:55)
	at org.gradle.tooling.internal.provider.SubscribableBuildActionExecuter.execute(SubscribableBuildActionExecuter.java:60)
	at org.gradle.tooling.internal.provider.SubscribableBuildActionExecuter.execute(SubscribableBuildActionExecuter.java:38)
	at org.gradle.tooling.internal.provider.SessionScopeBuildActionExecuter.execute(SessionScopeBuildActionExecuter.java:68)
	at org.gradle.tooling.internal.provider.SessionScopeBuildActionExecuter.execute(SessionScopeBuildActionExecuter.java:38)
	at org.gradle.tooling.internal.provider.GradleThreadBuildActionExecuter.execute(GradleThreadBuildActionExecuter.java:37)
	at org.gradle.tooling.internal.provider.GradleThreadBuildActionExecuter.execute(GradleThreadBuildActionExecuter.java:26)
	at org.gradle.tooling.internal.provider.StartParamsValidatingActionExecuter.execute(StartParamsValidatingActionExecuter.java:60)
	at org.gradle.tooling.internal.provider.StartParamsValidatingActionExecuter.execute(StartParamsValidatingActionExecuter.java:32)
	at org.gradle.tooling.internal.provider.SessionFailureReportingActionExecuter.execute(SessionFailureReportingActionExecuter.java:56)
	at org.gradle.tooling.internal.provider.SessionFailureReportingActionExecuter.execute(SessionFailureReportingActionExecuter.java:42)
	at org.gradle.tooling.internal.provider.SetupLoggingActionExecuter.execute(SetupLoggingActionExecuter.java:48)
	at org.gradle.tooling.internal.provider.SetupLoggingActionExecuter.execute(SetupLoggingActionExecuter.java:32)
	at org.gradle.launcher.daemon.server.exec.ExecuteBuild.doBuild(ExecuteBuild.java:68)
	at org.gradle.launcher.daemon.server.exec.BuildCommandOnly.execute(BuildCommandOnly.java:37)
	at org.gradle.launcher.daemon.server.api.DaemonCommandExecution.proceed(DaemonCommandExecution.java:104)
	at org.gradle.launcher.daemon.server.exec.WatchForDisconnection.execute(WatchForDisconnection.java:39)
	at org.gradle.launcher.daemon.server.api.DaemonCommandExecution.proceed(DaemonCommandExecution.java:104)
	at org.gradle.launcher.daemon.server.exec.ResetDeprecationLogger.execute(ResetDeprecationLogger.java:29)
	at org.gradle.launcher.daemon.server.api.DaemonCommandExecution.proceed(DaemonCommandExecution.java:104)
	at org.gradle.launcher.daemon.server.exec.RequestStopIfSingleUsedDaemon.execute(RequestStopIfSingleUsedDaemon.java:35)
	at org.gradle.launcher.daemon.server.api.DaemonCommandExecution.proceed(DaemonCommandExecution.java:104)
	at org.gradle.launcher.daemon.server.exec.ForwardClientInput$2.create(ForwardClientInput.java:78)
	at org.gradle.launcher.daemon.server.exec.ForwardClientInput$2.create(ForwardClientInput.java:75)
	at org.gradle.util.Swapper.swap(Swapper.java:38)
	at org.gradle.launcher.daemon.server.exec.ForwardClientInput.execute(ForwardClientInput.java:75)
	at org.gradle.launcher.daemon.server.api.DaemonCommandExecution.proceed(DaemonCommandExecution.java:104)
	at org.gradle.launcher.daemon.server.exec.LogAndCheckHealth.execute(LogAndCheckHealth.java:55)
	at org.gradle.launcher.daemon.server.api.DaemonCommandExecution.proceed(DaemonCommandExecution.java:104)
	at org.gradle.launcher.daemon.server.exec.LogToClient.doBuild(LogToClient.java:63)
	at org.gradle.launcher.daemon.server.exec.BuildCommandOnly.execute(BuildCommandOnly.java:37)
	at org.gradle.launcher.daemon.server.api.DaemonCommandExecution.proceed(DaemonCommandExecution.java:104)
	at org.gradle.launcher.daemon.server.exec.EstablishBuildEnvironment.doBuild(EstablishBuildEnvironment.java:82)
	at org.gradle.launcher.daemon.server.exec.BuildCommandOnly.execute(BuildCommandOnly.java:37)
	at org.gradle.launcher.daemon.server.api.DaemonCommandExecution.proceed(DaemonCommandExecution.java:104)
	at org.gradle.launcher.daemon.server.exec.StartBuildOrRespondWithBusy$1.run(StartBuildOrRespondWithBusy.java:52)
	at org.gradle.launcher.daemon.server.DaemonStateCoordinator$1.run(DaemonStateCoordinator.java:297)
	at org.gradle.internal.concurrent.ExecutorPolicy$CatchAndRecordFailures.onExecute(ExecutorPolicy.java:64)
	at org.gradle.internal.concurrent.ManagedExecutorImpl$1.run(ManagedExecutorImpl.java:48)
	at org.gradle.internal.concurrent.ThreadFactoryImpl$ManagedThreadRunnable.run(ThreadFactoryImpl.java:56)


* Get more help at https://help.gradle.org

BUILD FAILED in 36s
2021-03-27T02:39:14.794-0300 [DEBUG] [org.gradle.launcher.daemon.server.exec.ExecuteBuild] The daemon has finished executing the build.
2021-03-27T02:39:14.807-0300 [DEBUG] [org.gradle.launcher.daemon.server.DaemonStateCoordinator] Cancel: daemon is busy, sleeping until state changes.
2021-03-27T02:39:14.807-0300 [DEBUG] [org.gradle.launcher.daemon.server.DaemonStateCoordinator] Command execution: finished waiting for DaemonCommandExecution[command = Build{id=e067b274-c996-46f8-af66-d7b6eb0d68e3, currentDir=/home/dalison/AndroidStudioProjects/app}, connection = DefaultDaemonConnection: socket connection from /127.0.0.1:34405 to /127.0.0.1:43524]. Result org.gradle.launcher.daemon.server.DaemonStateCoordinator@3ae891cd with state Canceled
2021-03-27T02:39:14.807-0300 [DEBUG] [org.gradle.launcher.daemon.server.DaemonStateCoordinator] Command execution: completed DaemonCommandExecution[command = Build{id=e067b274-c996-46f8-af66-d7b6eb0d68e3, currentDir=/home/dalison/AndroidStudioProjects/app}, connection = DefaultDaemonConnection: socket connection from /127.0.0.1:34405 to /127.0.0.1:43524]
2021-03-27T02:39:14.807-0300 [DEBUG] [org.gradle.launcher.daemon.server.DaemonStateCoordinator] resetting idle timer
2021-03-27T02:39:14.808-0300 [INFO] [org.gradle.launcher.daemon.server.DaemonRegistryUpdater] Marking the daemon as idle, address: [3e944a0d-a632-4c9c-8895-18adacfa95ab port:34405, addresses:[localhost/127.0.0.1]]
2021-03-27T02:39:14.808-0300 [DEBUG] [org.gradle.launcher.daemon.registry.PersistentDaemonRegistry] Marking busy by address: [3e944a0d-a632-4c9c-8895-18adacfa95ab port:34405, addresses:[localhost/127.0.0.1]]
2021-03-27T02:39:14.808-0300 [DEBUG] [org.gradle.cache.internal.DefaultFileLockManager] Waiting to acquire exclusive lock on daemon addresses registry.
2021-03-27T02:39:14.808-0300 [DEBUG] [org.gradle.cache.internal.DefaultFileLockManager] Lock acquired on daemon addresses registry.
2021-03-27T02:39:14.808-0300 [DEBUG] [org.gradle.cache.internal.DefaultFileLockManager] Releasing lock on daemon addresses registry.
2021-03-27T02:39:14.809-0300 [DEBUG] [org.gradle.launcher.daemon.server.exec.ReturnResult] Daemon is dispatching the build result: Success[value=org.gradle.launcher.exec.BuildActionResult@78605c93]
2021-03-27T02:39:14.809-0300 [DEBUG] [org.gradle.launcher.daemon.server.SynchronizedDispatchConnection] thread 14: dispatching Success[value=org.gradle.launcher.exec.BuildActionResult@78605c93]
2021-03-27T02:39:14.809-0300 [DEBUG] [org.gradle.launcher.daemon.server.DaemonStateCoordinator] Cancel: daemon is idle now.
2021-03-27T02:39:14.813-0300 [DEBUG] [org.gradle.launcher.daemon.server.DaemonStateCoordinator] daemon is running. Sleeping until state changes.
2021-03-27T02:39:14.818-0300 [DEBUG] [org.gradle.launcher.daemon.server.DefaultIncomingConnectionHandler] Finishing executing command: Build{id=e067b274-c996-46f8-af66-d7b6eb0d68e3, currentDir=/home/dalison/AndroidStudioProjects/app}
2021-03-27T02:39:14.833-0300 [DEBUG] [org.gradle.launcher.daemon.server.SynchronizedDispatchConnection] thread 15: received class org.gradle.launcher.daemon.protocol.Finished
2021-03-27T02:39:14.833-0300 [DEBUG] [org.gradle.launcher.daemon.server.DefaultDaemonConnection] thread 15: Received non-IO message from client: org.gradle.launcher.daemon.protocol.Finished@3a53725f
2021-03-27T02:39:14.833-0300 [DEBUG] [org.gradle.launcher.daemon.server.DefaultIncomingConnectionHandler] Received finished message: org.gradle.launcher.daemon.protocol.Finished@3a53725f
2021-03-27T02:39:14.833-0300 [DEBUG] [org.gradle.launcher.daemon.server.SynchronizedDispatchConnection] thread 14: stopping connection
2021-03-27T02:39:14.834-0300 [DEBUG] [org.gradle.internal.remote.internal.inet.SocketConnection] Discarding EOFException: java.io.EOFException
2021-03-27T02:39:14.834-0300 [DEBUG] [org.gradle.launcher.daemon.server.SynchronizedDispatchConnection] thread 15: received null
2021-03-27T02:39:14.835-0300 [DEBUG] [org.gradle.launcher.daemon.server.DefaultDaemonConnection] thread 15: Received end-of-input from client.
2021-03-27T02:39:14.835-0300 [DEBUG] [org.gradle.launcher.daemon.server.SynchronizedDispatchConnection] thread 14: stopping connection
2021-03-27T02:39:18.157-0300 [DEBUG] [org.gradle.cache.internal.DefaultFileLockManager] Waiting to acquire shared lock on daemon addresses registry.
2021-03-27T02:39:18.158-0300 [DEBUG] [org.gradle.cache.internal.DefaultFileLockManager] Lock acquired on daemon addresses registry.
2021-03-27T02:39:18.158-0300 [DEBUG] [org.gradle.cache.internal.DefaultFileLockManager] Releasing lock on daemon addresses registry.
2021-03-27T02:39:18.159-0300 [DEBUG] [org.gradle.cache.internal.DefaultFileLockManager] Waiting to acquire shared lock on daemon addresses registry.
2021-03-27T02:39:18.159-0300 [DEBUG] [org.gradle.cache.internal.DefaultFileLockManager] Lock acquired on daemon addresses registry.
2021-03-27T02:39:18.159-0300 [DEBUG] [org.gradle.cache.internal.DefaultFileLockManager] Releasing lock on daemon addresses registry.
2021-03-27T02:39:20.815-0300 [DEBUG] [org.gradle.internal.remote.internal.inet.TcpIncomingConnector] Accepted connection from /127.0.0.1:43548 to /127.0.0.1:34405.
2021-03-27T02:39:20.829-0300 [DEBUG] [org.gradle.launcher.daemon.server.SynchronizedDispatchConnection] thread 127: received class org.gradle.launcher.daemon.protocol.Stop
2021-03-27T02:39:20.829-0300 [DEBUG] [org.gradle.launcher.daemon.server.DefaultDaemonConnection] thread 127: Received non-IO message from client: Stop[id=b71be405-378a-428d-adc7-c8f672ef206a]
2021-03-27T02:39:20.830-0300 [INFO] [org.gradle.launcher.daemon.server.DefaultIncomingConnectionHandler] Received command: Stop[id=b71be405-378a-428d-adc7-c8f672ef206a].
2021-03-27T02:39:20.830-0300 [DEBUG] [org.gradle.launcher.daemon.server.DefaultIncomingConnectionHandler] Starting executing command: Stop[id=b71be405-378a-428d-adc7-c8f672ef206a] with connection: socket connection from /127.0.0.1:34405 to /127.0.0.1:43548.
2021-03-27T02:39:20.830-0300 [DEBUG] [org.gradle.launcher.daemon.server.DaemonRegistryUpdater] Storing daemon stop event: stop command received
2021-03-27T02:39:20.831-0300 [DEBUG] [org.gradle.launcher.daemon.registry.PersistentDaemonRegistry] Storing daemon stop event with timestamp 1616823560830
2021-03-27T02:39:20.831-0300 [DEBUG] [org.gradle.cache.internal.DefaultFileLockManager] Waiting to acquire exclusive lock on daemon addresses registry.
2021-03-27T02:39:20.831-0300 [DEBUG] [org.gradle.cache.internal.DefaultFileLockManager] Lock acquired on daemon addresses registry.
2021-03-27T02:39:20.832-0300 [DEBUG] [org.gradle.cache.internal.DefaultFileLockManager] Releasing lock on daemon addresses registry.
2021-03-27T02:39:20.832-0300 [LIFECYCLE] [org.gradle.launcher.daemon.server.DaemonStateCoordinator] Daemon is stopping immediately stop command received
2021-03-27T02:39:20.832-0300 [DEBUG] [org.gradle.launcher.daemon.server.DaemonStateCoordinator] Marking daemon stopped due to stop command received. The daemon is running a build: false
2021-03-27T02:39:20.832-0300 [DEBUG] [org.gradle.launcher.daemon.server.DaemonStateCoordinator] daemon has stopped.
2021-03-27T02:39:20.832-0300 [DEBUG] [org.gradle.launcher.daemon.server.Daemon] stop() called on daemon
2021-03-27T02:39:20.832-0300 [INFO] [org.gradle.launcher.daemon.server.Daemon] Stop requested. Daemon is removing its presence from the registry...
2021-03-27T02:39:20.833-0300 [DEBUG] [org.gradle.launcher.daemon.server.DaemonRegistryUpdater] Removing our presence to clients, eg. removing this address from the registry: [3e944a0d-a632-4c9c-8895-18adacfa95ab port:34405, addresses:[localhost/127.0.0.1]]
2021-03-27T02:39:20.833-0300 [DEBUG] [org.gradle.launcher.daemon.server.SynchronizedDispatchConnection] thread 14: dispatching Success[value=null]
2021-03-27T02:39:20.833-0300 [DEBUG] [org.gradle.launcher.daemon.registry.PersistentDaemonRegistry] Removing daemon address: [3e944a0d-a632-4c9c-8895-18adacfa95ab port:34405, addresses:[localhost/127.0.0.1]]
2021-03-27T02:39:20.833-0300 [DEBUG] [org.gradle.launcher.daemon.server.DefaultIncomingConnectionHandler] Finishing executing command: Stop[id=b71be405-378a-428d-adc7-c8f672ef206a]
2021-03-27T02:39:20.833-0300 [DEBUG] [org.gradle.cache.internal.DefaultFileLockManager] Waiting to acquire exclusive lock on daemon addresses registry.
2021-03-27T02:39:20.833-0300 [DEBUG] [org.gradle.cache.internal.DefaultFileLockManager] Lock acquired on daemon addresses registry.
2021-03-27T02:39:20.835-0300 [DEBUG] [org.gradle.cache.internal.DefaultFileLockManager] Releasing lock on daemon addresses registry.
2021-03-27T02:39:20.835-0300 [DEBUG] [org.gradle.launcher.daemon.server.DaemonRegistryUpdater] Address removed from registry.
2021-03-27T02:39:20.839-0300 [DEBUG] [org.gradle.cache.internal.locklistener.DefaultFileLockContentionHandler] Gradle process at port 38775 confirmed unlock request for lock with id 1125221601420703589.
2021-03-27T02:39:20.839-0300 [DEBUG] [org.gradle.cache.internal.locklistener.DefaultFileLockContentionHandler] Gradle process at port 38775 confirmed unlock request for lock with id 1125221601420703589.
2021-03-27T02:39:20.840-0300 [DEBUG] [org.gradle.launcher.daemon.server.SynchronizedDispatchConnection] thread 127: received class org.gradle.launcher.daemon.protocol.Finished
2021-03-27T02:39:20.840-0300 [DEBUG] [org.gradle.launcher.daemon.server.DefaultDaemonConnection] thread 127: Received non-IO message from client: org.gradle.launcher.daemon.protocol.Finished@2ec2720b
2021-03-27T02:39:20.840-0300 [DEBUG] [org.gradle.launcher.daemon.server.DefaultIncomingConnectionHandler] Received finished message: org.gradle.launcher.daemon.protocol.Finished@2ec2720b
2021-03-27T02:39:20.840-0300 [DEBUG] [org.gradle.launcher.daemon.server.SynchronizedDispatchConnection] thread 14: stopping connection
2021-03-27T02:39:20.841-0300 [DEBUG] [org.gradle.internal.remote.internal.inet.SocketConnection] Discarding EOFException: java.io.EOFException
2021-03-27T02:39:20.841-0300 [DEBUG] [org.gradle.launcher.daemon.server.SynchronizedDispatchConnection] thread 127: received null
2021-03-27T02:39:20.841-0300 [DEBUG] [org.gradle.launcher.daemon.server.DefaultDaemonConnection] thread 127: Received end-of-input from client.
2021-03-27T02:39:20.841-0300 [DEBUG] [org.gradle.launcher.daemon.server.SynchronizedDispatchConnection] thread 14: stopping connection
2021-03-27T02:39:20.851-0300 [DEBUG] [org.gradle.cache.internal.LockOnDemandCrossProcessCacheAccess] Releasing file lock for jars (/home/dalison/AndroidStudioProjects/app/gradle/caches/jars-8)
2021-03-27T02:39:20.851-0300 [DEBUG] [org.gradle.cache.internal.DefaultFileLockManager] Releasing lock on jars (/home/dalison/AndroidStudioProjects/app/gradle/caches/jars-8).
2021-03-27T02:39:20.853-0300 [DEBUG] [org.gradle.cache.internal.DefaultPersistentDirectoryStore] jars (/home/dalison/AndroidStudioProjects/app/gradle/caches/jars-8) has last been fully cleaned up 46 hours ago
2021-03-27T02:39:20.866-0300 [DEBUG] [org.gradle.cache.internal.AbstractCacheCleanup] jars (/home/dalison/AndroidStudioProjects/app/gradle/caches/jars-8) cleanup deleted 0 files/directories.
2021-03-27T02:39:20.867-0300 [INFO] [org.gradle.cache.internal.LeastRecentlyUsedCacheCleanup] jars (/home/dalison/AndroidStudioProjects/app/gradle/caches/jars-8) removing files not accessed on or after Sat Mar 20 02:38:51 BRT 2021.
2021-03-27T02:39:20.874-0300 [DEBUG] [org.gradle.cache.internal.AbstractCacheCleanup] jars (/home/dalison/AndroidStudioProjects/app/gradle/caches/jars-8) cleanup deleted 0 files/directories.
2021-03-27T02:39:20.874-0300 [INFO] [org.gradle.cache.internal.DefaultPersistentDirectoryStore] jars (/home/dalison/AndroidStudioProjects/app/gradle/caches/jars-8) cleaned up in 0.02 secs.
2021-03-27T02:39:20.886-0300 [DEBUG] [org.gradle.cache.internal.LockOnDemandCrossProcessCacheAccess] Releasing file lock for file content cache (/home/dalison/AndroidStudioProjects/app/gradle/caches/6.5/fileContent)
2021-03-27T02:39:20.887-0300 [DEBUG] [org.gradle.cache.internal.DefaultFileLockManager] Releasing lock on file content cache (/home/dalison/AndroidStudioProjects/app/gradle/caches/6.5/fileContent).
2021-03-27T02:39:20.888-0300 [DEBUG] [org.gradle.cache.internal.DefaultPersistentDirectoryStore] Artifact transforms cache (/home/dalison/AndroidStudioProjects/app/gradle/caches/transforms-2) has last been fully cleaned up 46 hours ago
2021-03-27T02:39:20.888-0300 [INFO] [org.gradle.cache.internal.LeastRecentlyUsedCacheCleanup] Artifact transforms cache (/home/dalison/AndroidStudioProjects/app/gradle/caches/transforms-2) [subdir: /home/dalison/AndroidStudioProjects/app/gradle/caches/transforms-2/files-2.1] removing files not accessed on or after Sat Mar 20 02:38:56 BRT 2021.
2021-03-27T02:39:20.968-0300 [DEBUG] [org.gradle.cache.internal.AbstractCacheCleanup] Artifact transforms cache (/home/dalison/AndroidStudioProjects/app/gradle/caches/transforms-2) [subdir: /home/dalison/AndroidStudioProjects/app/gradle/caches/transforms-2/files-2.1] cleanup deleted 0 files/directories.
2021-03-27T02:39:20.968-0300 [INFO] [org.gradle.cache.internal.DefaultPersistentDirectoryStore] Artifact transforms cache (/home/dalison/AndroidStudioProjects/app/gradle/caches/transforms-2) cleaned up in 0.08 secs.
2021-03-27T02:39:20.968-0300 [DEBUG] [org.gradle.cache.internal.DefaultCacheAccess] Cache Artifact transforms cache (/home/dalison/AndroidStudioProjects/app/gradle/caches/transforms-2) was closed 0 times.
2021-03-27T02:39:20.968-0300 [DEBUG] [org.gradle.cache.internal.LockOnDemandCrossProcessCacheAccess] Releasing file lock for artifact cache (/home/dalison/AndroidStudioProjects/app/gradle/caches/modules-2)
2021-03-27T02:39:20.969-0300 [DEBUG] [org.gradle.cache.internal.btree.BTreePersistentIndexedCache] Closing cache module-metadata.bin (/home/dalison/AndroidStudioProjects/app/gradle/caches/modules-2/metadata-2.96/module-metadata.bin)
2021-03-27T02:39:20.969-0300 [DEBUG] [org.gradle.cache.internal.btree.BTreePersistentIndexedCache] Closing cache module-artifact.bin (/home/dalison/AndroidStudioProjects/app/gradle/caches/modules-2/metadata-2.96/module-artifact.bin)
2021-03-27T02:39:20.969-0300 [DEBUG] [org.gradle.cache.internal.btree.BTreePersistentIndexedCache] Closing cache resource-at-url.bin (/home/dalison/AndroidStudioProjects/app/gradle/caches/modules-2/metadata-2.96/resource-at-url.bin)
2021-03-27T02:39:20.969-0300 [DEBUG] [org.gradle.cache.internal.DefaultFileLockManager] Releasing lock on artifact cache (/home/dalison/AndroidStudioProjects/app/gradle/caches/modules-2).
2021-03-27T02:39:20.969-0300 [DEBUG] [org.gradle.cache.internal.DefaultPersistentDirectoryStore] artifact cache (/home/dalison/AndroidStudioProjects/app/gradle/caches/modules-2) has last been fully cleaned up 46 hours ago
2021-03-27T02:39:20.970-0300 [DEBUG] [org.gradle.cache.internal.AbstractCacheCleanup] artifact cache (/home/dalison/AndroidStudioProjects/app/gradle/caches/modules-2) cleanup deleted 0 files/directories.
2021-03-27T02:39:20.970-0300 [DEBUG] [org.gradle.cache.internal.AbstractCacheCleanup] artifact cache (/home/dalison/AndroidStudioProjects/app/gradle/caches/modules-2) [subdir: /home/dalison/AndroidStudioProjects/app/gradle/caches/modules-2/resources-2.1] cleanup deleted 0 files/directories.
2021-03-27T02:39:20.970-0300 [INFO] [org.gradle.cache.internal.LeastRecentlyUsedCacheCleanup] artifact cache (/home/dalison/AndroidStudioProjects/app/gradle/caches/modules-2) [subdir: /home/dalison/AndroidStudioProjects/app/gradle/caches/modules-2/resources-2.1] removing files not accessed on or after Thu Feb 25 02:39:03 BRT 2021.
2021-03-27T02:39:20.970-0300 [DEBUG] [org.gradle.cache.internal.AbstractCacheCleanup] artifact cache (/home/dalison/AndroidStudioProjects/app/gradle/caches/modules-2) [subdir: /home/dalison/AndroidStudioProjects/app/gradle/caches/modules-2/resources-2.1] cleanup deleted 0 files/directories.
2021-03-27T02:39:20.971-0300 [DEBUG] [org.gradle.cache.internal.AbstractCacheCleanup] artifact cache (/home/dalison/AndroidStudioProjects/app/gradle/caches/modules-2) [subdir: /home/dalison/AndroidStudioProjects/app/gradle/caches/modules-2/files-2.1] cleanup deleted 0 files/directories.
2021-03-27T02:39:20.971-0300 [INFO] [org.gradle.cache.internal.LeastRecentlyUsedCacheCleanup] artifact cache (/home/dalison/AndroidStudioProjects/app/gradle/caches/modules-2) [subdir: /home/dalison/AndroidStudioProjects/app/gradle/caches/modules-2/files-2.1] removing files not accessed on or after Thu Feb 25 02:39:03 BRT 2021.
2021-03-27T02:39:21.005-0300 [DEBUG] [org.gradle.cache.internal.AbstractCacheCleanup] artifact cache (/home/dalison/AndroidStudioProjects/app/gradle/caches/modules-2) [subdir: /home/dalison/AndroidStudioProjects/app/gradle/caches/modules-2/files-2.1] cleanup deleted 0 files/directories.
2021-03-27T02:39:21.006-0300 [DEBUG] [org.gradle.cache.internal.AbstractCacheCleanup] artifact cache (/home/dalison/AndroidStudioProjects/app/gradle/caches/modules-2) [subdir: /home/dalison/AndroidStudioProjects/app/gradle/caches/modules-2/metadata-2.96] cleanup deleted 0 files/directories.
2021-03-27T02:39:21.006-0300 [INFO] [org.gradle.cache.internal.DefaultPersistentDirectoryStore] artifact cache (/home/dalison/AndroidStudioProjects/app/gradle/caches/modules-2) cleaned up in 0.036 secs.
2021-03-27T02:39:21.008-0300 [DEBUG] [org.gradle.cache.internal.DefaultCacheAccess] Cache Generated Gradle JARs cache (/home/dalison/AndroidStudioProjects/app/gradle/caches/6.5/generated-gradle-jars) was closed 0 times.
2021-03-27T02:39:21.008-0300 [DEBUG] [org.gradle.cache.internal.LockOnDemandCrossProcessCacheAccess] Releasing file lock for journal cache (/home/dalison/AndroidStudioProjects/app/gradle/caches/journal-1)
2021-03-27T02:39:21.008-0300 [DEBUG] [org.gradle.cache.internal.btree.BTreePersistentIndexedCache] Closing cache file-access.bin (/home/dalison/AndroidStudioProjects/app/gradle/caches/journal-1/file-access.bin)
2021-03-27T02:39:21.009-0300 [DEBUG] [org.gradle.cache.internal.DefaultFileLockManager] Releasing lock on journal cache (/home/dalison/AndroidStudioProjects/app/gradle/caches/journal-1).
2021-03-27T02:39:21.009-0300 [DEBUG] [org.gradle.cache.internal.LockOnDemandCrossProcessCacheAccess] Releasing file lock for file hash cache (/home/dalison/AndroidStudioProjects/app/gradle/caches/6.5/fileHashes)
2021-03-27T02:39:21.009-0300 [DEBUG] [org.gradle.cache.internal.btree.BTreePersistentIndexedCache] Closing cache fileHashes.bin (/home/dalison/AndroidStudioProjects/app/gradle/caches/6.5/fileHashes/fileHashes.bin)
2021-03-27T02:39:21.009-0300 [DEBUG] [org.gradle.cache.internal.btree.BTreePersistentIndexedCache] Closing cache resourceHashesCache.bin (/home/dalison/AndroidStudioProjects/app/gradle/caches/6.5/fileHashes/resourceHashesCache.bin)
2021-03-27T02:39:21.010-0300 [DEBUG] [org.gradle.cache.internal.DefaultFileLockManager] Releasing lock on file hash cache (/home/dalison/AndroidStudioProjects/app/gradle/caches/6.5/fileHashes).
2021-03-27T02:39:21.011-0300 [DEBUG] [org.gradle.cache.internal.LockOnDemandCrossProcessCacheAccess] Releasing file lock for execution history cache (/home/dalison/AndroidStudioProjects/app/gradle/caches/6.5/executionHistory)
2021-03-27T02:39:21.012-0300 [DEBUG] [org.gradle.cache.internal.DefaultFileLockManager] Releasing lock on execution history cache (/home/dalison/AndroidStudioProjects/app/gradle/caches/6.5/executionHistory).
2021-03-27T02:39:21.021-0300 [DEBUG] [org.gradle.cache.internal.VersionSpecificCacheCleanupAction] Processed version-specific caches at /home/dalison/AndroidStudioProjects/app/gradle/caches for cleanup in 0.004 secs
2021-03-27T02:39:21.027-0300 [DEBUG] [org.gradle.launcher.daemon.registry.PersistentDaemonRegistry] Removing daemon address: [3e944a0d-a632-4c9c-8895-18adacfa95ab port:34405, addresses:[localhost/127.0.0.1]]
2021-03-27T02:39:21.027-0300 [DEBUG] [org.gradle.cache.internal.DefaultFileLockManager] Waiting to acquire exclusive lock on daemon addresses registry.
2021-03-27T02:39:21.027-0300 [DEBUG] [org.gradle.cache.internal.DefaultFileLockManager] Lock acquired on daemon addresses registry.
2021-03-27T02:39:21.029-0300 [DEBUG] [org.gradle.cache.internal.DefaultFileLockManager] Releasing lock on daemon addresses registry.
Daemon vm is shutting down... The daemon has exited normally or was terminated in response to a user interrupt.
