2021-04-04T11:51:56.454-0300 [DEBUG] [org.gradle.launcher.daemon.bootstrap.DaemonMain] Assuming the daemon was started with following jvm opts: [-Xmx2048m, -Dfile.encoding=UTF-8, -Djava.io.tmpdir=/home/dalison/.var/app/com.google.AndroidStudio/cache, -Duser.country=BR, -Duser.language=pt, -Duser.variant]
2021-04-04T11:51:56.538-0300 [INFO] [org.gradle.launcher.daemon.server.Daemon] start() called on daemon - DefaultDaemonContext[uid=1347045b-d8e8-4e0c-9521-2acbbc84f520,javaHome=/app/extra/android-studio/jre,daemonRegistryDir=/home/dalison/AndroidStudioProjects/app/gradle/daemon,pid=353,idleTimeout=10800000,priority=NORMAL,daemonOpts=-Xmx2048m,-Dfile.encoding=UTF-8,-Djava.io.tmpdir=/home/dalison/.var/app/com.google.AndroidStudio/cache,-Duser.country=BR,-Duser.language=pt,-Duser.variant]
2021-04-04T11:51:56.553-0300 [DEBUG] [org.gradle.internal.remote.internal.inet.InetAddresses] Adding IP addresses for network interface enp4s0
2021-04-04T11:51:56.553-0300 [DEBUG] [org.gradle.internal.remote.internal.inet.InetAddresses] Is this a loopback interface? false
2021-04-04T11:51:56.554-0300 [DEBUG] [org.gradle.internal.remote.internal.inet.InetAddresses] Adding remote address /fe80:0:0:0:7d54:497c:a89e:838b%enp4s0
2021-04-04T11:51:56.554-0300 [DEBUG] [org.gradle.internal.remote.internal.inet.InetAddresses] Adding remote address /192.168.0.4
2021-04-04T11:51:56.554-0300 [DEBUG] [org.gradle.internal.remote.internal.inet.InetAddresses] Adding IP addresses for network interface lo
2021-04-04T11:51:56.556-0300 [DEBUG] [org.gradle.internal.remote.internal.inet.InetAddresses] Is this a loopback interface? true
2021-04-04T11:51:56.556-0300 [DEBUG] [org.gradle.internal.remote.internal.inet.InetAddresses] Adding loopback address /0:0:0:0:0:0:0:1%lo
2021-04-04T11:51:56.557-0300 [DEBUG] [org.gradle.internal.remote.internal.inet.InetAddresses] Adding loopback address /127.0.0.1
2021-04-04T11:51:56.559-0300 [DEBUG] [org.gradle.internal.remote.internal.inet.TcpIncomingConnector] Listening on [0328b58f-9cff-4970-a5e7-4e9e2d86912d port:40287, addresses:[localhost/127.0.0.1]].
2021-04-04T11:51:56.562-0300 [DEBUG] [org.gradle.launcher.daemon.server.Daemon] Daemon starting at: Sun Apr 04 11:51:56 BRT 2021, with address: [0328b58f-9cff-4970-a5e7-4e9e2d86912d port:40287, addresses:[localhost/127.0.0.1]]
2021-04-04T11:51:56.562-0300 [INFO] [org.gradle.launcher.daemon.server.DaemonRegistryUpdater] Advertising the daemon address to the clients: [0328b58f-9cff-4970-a5e7-4e9e2d86912d port:40287, addresses:[localhost/127.0.0.1]]
2021-04-04T11:51:56.563-0300 [DEBUG] [org.gradle.launcher.daemon.server.DaemonRegistryUpdater] Advertised daemon context: DefaultDaemonContext[uid=1347045b-d8e8-4e0c-9521-2acbbc84f520,javaHome=/app/extra/android-studio/jre,daemonRegistryDir=/home/dalison/AndroidStudioProjects/app/gradle/daemon,pid=353,idleTimeout=10800000,priority=NORMAL,daemonOpts=-Xmx2048m,-Dfile.encoding=UTF-8,-Djava.io.tmpdir=/home/dalison/.var/app/com.google.AndroidStudio/cache,-Duser.country=BR,-Duser.language=pt,-Duser.variant]
2021-04-04T11:51:56.564-0300 [DEBUG] [org.gradle.launcher.daemon.registry.PersistentDaemonRegistry] Storing daemon address: [0328b58f-9cff-4970-a5e7-4e9e2d86912d port:40287, addresses:[localhost/127.0.0.1]], context: DefaultDaemonContext[uid=1347045b-d8e8-4e0c-9521-2acbbc84f520,javaHome=/app/extra/android-studio/jre,daemonRegistryDir=/home/dalison/AndroidStudioProjects/app/gradle/daemon,pid=353,idleTimeout=10800000,priority=NORMAL,daemonOpts=-Xmx2048m,-Dfile.encoding=UTF-8,-Djava.io.tmpdir=/home/dalison/.var/app/com.google.AndroidStudio/cache,-Duser.country=BR,-Duser.language=pt,-Duser.variant]
2021-04-04T11:51:56.570-0300 [DEBUG] [org.gradle.cache.internal.DefaultFileLockManager] Waiting to acquire exclusive lock on daemon addresses registry.
2021-04-04T11:51:56.573-0300 [DEBUG] [org.gradle.cache.internal.DefaultFileLockManager] Lock acquired on daemon addresses registry.
2021-04-04T11:51:56.577-0300 [DEBUG] [org.gradle.cache.internal.DefaultFileLockManager] Releasing lock on daemon addresses registry.
2021-04-04T11:51:56.578-0300 [LIFECYCLE] [org.gradle.launcher.daemon.server.Daemon] Daemon server started.
2021-04-04T11:51:56.580-0300 [DEBUG] [org.gradle.launcher.daemon.bootstrap.DaemonStartupCommunication] Completed writing the daemon greeting. Closing streams...
2021-04-04T11:51:56.583-0300 [DEBUG] [org.gradle.launcher.daemon.server.Daemon] stopOnExpiration() called on daemon
2021-04-04T11:51:56.586-0300 [DEBUG] [org.gradle.launcher.daemon.server.Daemon] awaitExpiration() called on daemon
2021-04-04T11:51:56.592-0300 [DEBUG] [org.gradle.launcher.daemon.server.DaemonStateCoordinator] daemon is running. Sleeping until state changes.
2021-04-04T11:51:56.592-0300 [DEBUG] [org.gradle.internal.remote.internal.inet.TcpIncomingConnector] Accepted connection from /127.0.0.1:38046 to /127.0.0.1:40287.
2021-04-04T11:51:56.691-0300 [DEBUG] [org.gradle.launcher.daemon.server.SynchronizedDispatchConnection] thread 15: received class org.gradle.launcher.daemon.protocol.Build
2021-04-04T11:51:56.691-0300 [DEBUG] [org.gradle.launcher.daemon.server.DefaultDaemonConnection] thread 15: Received non-IO message from client: Build{id=044410e3-b5e6-4585-8424-bc07b0d93ff4, currentDir=/home/dalison/AndroidStudioProjects/app}
2021-04-04T11:51:56.692-0300 [INFO] [org.gradle.launcher.daemon.server.DefaultIncomingConnectionHandler] Received command: Build{id=044410e3-b5e6-4585-8424-bc07b0d93ff4, currentDir=/home/dalison/AndroidStudioProjects/app}.
2021-04-04T11:51:56.692-0300 [DEBUG] [org.gradle.launcher.daemon.server.DefaultIncomingConnectionHandler] Starting executing command: Build{id=044410e3-b5e6-4585-8424-bc07b0d93ff4, currentDir=/home/dalison/AndroidStudioProjects/app} with connection: socket connection from /127.0.0.1:40287 to /127.0.0.1:38046.
2021-04-04T11:51:56.700-0300 [ERROR] [org.gradle.launcher.daemon.server.DaemonStateCoordinator] Command execution: started DaemonCommandExecution[command = Build{id=044410e3-b5e6-4585-8424-bc07b0d93ff4, currentDir=/home/dalison/AndroidStudioProjects/app}, connection = DefaultDaemonConnection: socket connection from /127.0.0.1:40287 to /127.0.0.1:38046] after 0.0 minutes of idle
2021-04-04T11:51:56.700-0300 [INFO] [org.gradle.launcher.daemon.server.DaemonRegistryUpdater] Marking the daemon as busy, address: [0328b58f-9cff-4970-a5e7-4e9e2d86912d port:40287, addresses:[localhost/127.0.0.1]]
2021-04-04T11:51:56.700-0300 [DEBUG] [org.gradle.launcher.daemon.registry.PersistentDaemonRegistry] Marking busy by address: [0328b58f-9cff-4970-a5e7-4e9e2d86912d port:40287, addresses:[localhost/127.0.0.1]]
2021-04-04T11:51:56.701-0300 [DEBUG] [org.gradle.cache.internal.DefaultFileLockManager] Waiting to acquire exclusive lock on daemon addresses registry.
2021-04-04T11:51:56.704-0300 [DEBUG] [org.gradle.cache.internal.DefaultFileLockManager] Lock acquired on daemon addresses registry.
2021-04-04T11:51:56.713-0300 [DEBUG] [org.gradle.cache.internal.DefaultFileLockManager] Releasing lock on daemon addresses registry.
2021-04-04T11:51:56.714-0300 [DEBUG] [org.gradle.launcher.daemon.server.DaemonStateCoordinator] resetting idle timer
2021-04-04T11:51:56.715-0300 [DEBUG] [org.gradle.launcher.daemon.server.DaemonStateCoordinator] daemon is running. Sleeping until state changes.
2021-04-04T11:51:56.720-0300 [INFO] [org.gradle.launcher.daemon.server.exec.StartBuildOrRespondWithBusy] Daemon is about to start building Build{id=044410e3-b5e6-4585-8424-bc07b0d93ff4, currentDir=/home/dalison/AndroidStudioProjects/app}. Dispatching build started information...
2021-04-04T11:51:56.720-0300 [DEBUG] [org.gradle.launcher.daemon.server.SynchronizedDispatchConnection] thread 17: dispatching org.gradle.launcher.daemon.protocol.BuildStarted@f6f3462
2021-04-04T11:51:56.723-0300 [DEBUG] [org.gradle.launcher.daemon.server.exec.EstablishBuildEnvironment] Configuring env variables: {PATH=/app/bin:/usr/bin:, XAUTHORITY=/run/user/1000/Xauthority, XDG_DATA_DIRS=/app/share:/usr/share:/usr/share/runtime/share:/run/host/user-share:/run/host/share, MANDATORY_PATH=/usr/share/gconf/cinnamon.mandatory.path, GDMSESSION=cinnamon, DBUS_SESSION_BUS_ADDRESS=unix:path=/run/user/1000/bus, DEFAULTS_PATH=/usr/share/gconf/cinnamon.default.path, XDG_CURRENT_DESKTOP=X-Cinnamon, XDG_CACHE_HOME=/home/dalison/.var/app/com.google.AndroidStudio/cache, SSH_AGENT_PID=1000, SESSION_MANAGER=local/dalison-B85M-D3PH:@/tmp/.ICE-unix/936,unix/dalison-B85M-D3PH:/tmp/.ICE-unix/936, ALSA_CONFIG_PATH=/usr/share/alsa/alsa-flatpak.conf, LOGNAME=dalison, GST_PLUGIN_SYSTEM_PATH=/app/lib/gstreamer-1.0:/usr/lib/extensions/gstreamer-1.0:/usr/lib/x86_64-linux-gnu/gstreamer-1.0, PWD=/home/dalison, LANGUAGE=pt_BR:pt:en, GJS_DEBUG_TOPICS=JS ERROR;JS LOG, SHELL=/bin/sh, GIO_LAUNCHED_DESKTOP_FILE=/var/lib/flatpak/exports/share/applications/com.google.AndroidStudio.desktop, AT_SPI_BUS_ADDRESS=unix:path=/run/user/1000/at-spi-bus, OLDPWD=/app/extra/android-studio/bin, GNOME_DESKTOP_SESSION_ID=this-is-deprecated, GTK_MODULES=gail:atk-bridge, XDG_SESSION_PATH=/org/freedesktop/DisplayManager/Session0, _JAVA_OPTIONS=-Djava.io.tmpdir=/home/dalison/.var/app/com.google.AndroidStudio/cache, ALSA_CONFIG_DIR=/usr/share/alsa, XDG_SESSION_DESKTOP=cinnamon, SHLVL=1, PULSE_CLIENTCONFIG=/run/user/1000/pulse/config, JAVA_HOME=/app/extra/android-studio/jre, XDG_CONFIG_DIRS=/app/etc/xdg:/etc/xdg, LANG=pt_BR.UTF-8, XDG_SEAT_PATH=/org/freedesktop/DisplayManager/Seat0, XDG_SESSION_ID=c1, XDG_SESSION_TYPE=x11, FLATPAK_SANDBOX_DIR=/home/dalison/.var/app/com.google.AndroidStudio/sandbox, DISPLAY=:99.0, QT_DEVICE_PIXEL_RATIO=auto, CINNAMON_VERSION=4.4.8, GI_TYPELIB_PATH=/app/lib/girepository-1.0, _=/app/extra/android-studio/jre/bin/java, PT7HOME=/opt/pt, GDM_LANG=pt_BR, XDG_DATA_HOME=/home/dalison/.var/app/com.google.AndroidStudio/data, XDG_GREETER_DATA_DIR=/var/lib/lightdm-data/dalison, DESKTOP_SESSION=cinnamon, GPG_AGENT_INFO=/run/user/1000/gnupg/S.gpg-agent:0:1, USER=dalison, XDG_CONFIG_HOME=/home/dalison/.var/app/com.google.AndroidStudio/config, GIO_LAUNCHED_DESKTOP_FILE_PID=20119, QT_ACCESSIBILITY=1, PULSE_SERVER=unix:/run/user/1000/pulse/native, GJS_DEBUG_OUTPUT=stderr, XDG_SEAT=seat0, SSH_AUTH_SOCK=/run/user/1000/ssh-auth, GTK_OVERLAY_SCROLLING=1, QT_QPA_PLATFORMTHEME=qt5ct, XDG_VTNR=7, XDG_RUNTIME_DIR=/run/user/1000, HOME=/home/dalison}
2021-04-04T11:51:56.731-0300 [DEBUG] [org.gradle.launcher.daemon.server.exec.LogToClient] About to start relaying all logs to the client via the connection.
2021-04-04T11:51:56.731-0300 [INFO] [org.gradle.launcher.daemon.server.exec.LogToClient] The client will now receive all logging from the daemon (pid: 353). The daemon log file: /home/dalison/AndroidStudioProjects/app/gradle/daemon/6.5/daemon-353.out.log
2021-04-04T11:51:56.732-0300 [DEBUG] [org.gradle.launcher.daemon.server.SynchronizedDispatchConnection] thread 15: received class org.gradle.launcher.daemon.protocol.CloseInput
2021-04-04T11:51:56.732-0300 [DEBUG] [org.gradle.launcher.daemon.server.DefaultDaemonConnection] thread 15: Received IO message from client: org.gradle.launcher.daemon.protocol.CloseInput@579de468
2021-04-04T11:51:56.742-0300 [INFO] [org.gradle.launcher.daemon.server.exec.LogAndCheckHealth] Starting build in new daemon [memory: 1,9 GB]
2021-04-04T11:51:56.754-0300 [DEBUG] [org.gradle.launcher.daemon.server.exec.ExecuteBuild] The daemon has started executing the build.
2021-04-04T11:51:56.755-0300 [INFO] [org.gradle.launcher.daemon.server.exec.ForwardClientInput] Closing daemon's stdin at end of input.
2021-04-04T11:51:56.755-0300 [INFO] [org.gradle.launcher.daemon.server.exec.ForwardClientInput] The daemon will no longer process any standard input.
2021-04-04T11:51:56.756-0300 [DEBUG] [org.gradle.launcher.daemon.server.exec.ExecuteBuild] Executing build with daemon context: DefaultDaemonContext[uid=1347045b-d8e8-4e0c-9521-2acbbc84f520,javaHome=/app/extra/android-studio/jre,daemonRegistryDir=/home/dalison/AndroidStudioProjects/app/gradle/daemon,pid=353,idleTimeout=10800000,priority=NORMAL,daemonOpts=-Xmx2048m,-Dfile.encoding=UTF-8,-Djava.io.tmpdir=/home/dalison/.var/app/com.google.AndroidStudio/cache,-Duser.country=BR,-Duser.language=pt,-Duser.variant]

BUILD SUCCESSFUL in 22s
26 actionable tasks: 4 executed, 22 up-to-date
2021-04-04T11:52:18.302-0300 [DEBUG] [org.gradle.launcher.daemon.server.exec.ExecuteBuild] The daemon has finished executing the build.
2021-04-04T11:52:18.310-0300 [DEBUG] [org.gradle.launcher.daemon.server.DaemonStateCoordinator] daemon is running. Sleeping until state changes.
2021-04-04T11:52:18.310-0300 [DEBUG] [org.gradle.launcher.daemon.server.DaemonStateCoordinator] Command execution: finished waiting for DaemonCommandExecution[command = Build{id=044410e3-b5e6-4585-8424-bc07b0d93ff4, currentDir=/home/dalison/AndroidStudioProjects/app}, connection = DefaultDaemonConnection: socket connection from /127.0.0.1:40287 to /127.0.0.1:38046]. Result org.gradle.launcher.daemon.server.DaemonStateCoordinator@3ae891cd with state Busy
2021-04-04T11:52:18.310-0300 [DEBUG] [org.gradle.launcher.daemon.server.DaemonStateCoordinator] Command execution: completed DaemonCommandExecution[command = Build{id=044410e3-b5e6-4585-8424-bc07b0d93ff4, currentDir=/home/dalison/AndroidStudioProjects/app}, connection = DefaultDaemonConnection: socket connection from /127.0.0.1:40287 to /127.0.0.1:38046]
2021-04-04T11:52:18.310-0300 [DEBUG] [org.gradle.launcher.daemon.server.DaemonStateCoordinator] resetting idle timer
2021-04-04T11:52:18.311-0300 [INFO] [org.gradle.launcher.daemon.server.DaemonRegistryUpdater] Marking the daemon as idle, address: [0328b58f-9cff-4970-a5e7-4e9e2d86912d port:40287, addresses:[localhost/127.0.0.1]]
2021-04-04T11:52:18.311-0300 [DEBUG] [org.gradle.launcher.daemon.registry.PersistentDaemonRegistry] Marking busy by address: [0328b58f-9cff-4970-a5e7-4e9e2d86912d port:40287, addresses:[localhost/127.0.0.1]]
2021-04-04T11:52:18.311-0300 [DEBUG] [org.gradle.cache.internal.DefaultFileLockManager] Waiting to acquire exclusive lock on daemon addresses registry.
2021-04-04T11:52:18.311-0300 [DEBUG] [org.gradle.cache.internal.DefaultFileLockManager] Lock acquired on daemon addresses registry.
2021-04-04T11:52:18.312-0300 [DEBUG] [org.gradle.cache.internal.DefaultFileLockManager] Releasing lock on daemon addresses registry.
2021-04-04T11:52:18.312-0300 [DEBUG] [org.gradle.launcher.daemon.server.DaemonStateCoordinator] daemon is running. Sleeping until state changes.
2021-04-04T11:52:18.312-0300 [DEBUG] [org.gradle.launcher.daemon.server.exec.ReturnResult] Daemon is dispatching the build result: Success[value=org.gradle.launcher.exec.BuildActionResult@78605c93]
2021-04-04T11:52:18.312-0300 [DEBUG] [org.gradle.launcher.daemon.server.SynchronizedDispatchConnection] thread 14: dispatching Success[value=org.gradle.launcher.exec.BuildActionResult@78605c93]
2021-04-04T11:52:18.312-0300 [DEBUG] [org.gradle.launcher.daemon.server.DefaultIncomingConnectionHandler] Finishing executing command: Build{id=044410e3-b5e6-4585-8424-bc07b0d93ff4, currentDir=/home/dalison/AndroidStudioProjects/app}
2021-04-04T11:52:18.317-0300 [DEBUG] [org.gradle.launcher.daemon.server.SynchronizedDispatchConnection] thread 15: received class org.gradle.launcher.daemon.protocol.Finished
2021-04-04T11:52:18.317-0300 [DEBUG] [org.gradle.launcher.daemon.server.DefaultDaemonConnection] thread 15: Received non-IO message from client: org.gradle.launcher.daemon.protocol.Finished@6bb3e535
2021-04-04T11:52:18.317-0300 [DEBUG] [org.gradle.launcher.daemon.server.DefaultIncomingConnectionHandler] Received finished message: org.gradle.launcher.daemon.protocol.Finished@6bb3e535
2021-04-04T11:52:18.317-0300 [DEBUG] [org.gradle.launcher.daemon.server.SynchronizedDispatchConnection] thread 14: stopping connection
2021-04-04T11:52:18.320-0300 [DEBUG] [org.gradle.internal.remote.internal.inet.SocketConnection] Discarding EOFException: java.io.EOFException
2021-04-04T11:52:18.320-0300 [DEBUG] [org.gradle.launcher.daemon.server.SynchronizedDispatchConnection] thread 15: received null
2021-04-04T11:52:18.321-0300 [DEBUG] [org.gradle.launcher.daemon.server.DefaultDaemonConnection] thread 15: Received end-of-input from client.
2021-04-04T11:52:18.321-0300 [DEBUG] [org.gradle.launcher.daemon.server.SynchronizedDispatchConnection] thread 14: stopping connection
2021-04-04T11:52:26.587-0300 [DEBUG] [org.gradle.cache.internal.DefaultFileLockManager] Waiting to acquire shared lock on daemon addresses registry.
2021-04-04T11:52:26.588-0300 [DEBUG] [org.gradle.cache.internal.DefaultFileLockManager] Lock acquired on daemon addresses registry.
2021-04-04T11:52:26.589-0300 [DEBUG] [org.gradle.cache.internal.DefaultFileLockManager] Releasing lock on daemon addresses registry.
2021-04-04T11:52:26.590-0300 [DEBUG] [org.gradle.cache.internal.DefaultFileLockManager] Waiting to acquire shared lock on daemon addresses registry.
2021-04-04T11:52:26.590-0300 [DEBUG] [org.gradle.cache.internal.DefaultFileLockManager] Lock acquired on daemon addresses registry.
2021-04-04T11:52:26.591-0300 [DEBUG] [org.gradle.cache.internal.DefaultFileLockManager] Releasing lock on daemon addresses registry.
2021-04-04T11:52:36.587-0300 [DEBUG] [org.gradle.cache.internal.DefaultFileLockManager] Waiting to acquire shared lock on daemon addresses registry.
2021-04-04T11:52:36.588-0300 [DEBUG] [org.gradle.cache.internal.DefaultFileLockManager] Lock acquired on daemon addresses registry.
2021-04-04T11:52:36.588-0300 [DEBUG] [org.gradle.cache.internal.DefaultFileLockManager] Releasing lock on daemon addresses registry.
2021-04-04T11:52:36.589-0300 [DEBUG] [org.gradle.cache.internal.DefaultFileLockManager] Waiting to acquire shared lock on daemon addresses registry.
2021-04-04T11:52:36.590-0300 [DEBUG] [org.gradle.cache.internal.DefaultFileLockManager] Lock acquired on daemon addresses registry.
2021-04-04T11:52:36.590-0300 [DEBUG] [org.gradle.cache.internal.DefaultFileLockManager] Releasing lock on daemon addresses registry.
2021-04-04T11:52:36.591-0300 [DEBUG] [org.gradle.cache.internal.DefaultFileLockManager] Waiting to acquire shared lock on daemon addresses registry.
2021-04-04T11:52:36.592-0300 [DEBUG] [org.gradle.cache.internal.DefaultFileLockManager] Lock acquired on daemon addresses registry.
2021-04-04T11:52:36.592-0300 [DEBUG] [org.gradle.cache.internal.DefaultFileLockManager] Releasing lock on daemon addresses registry.
2021-04-04T11:52:46.587-0300 [DEBUG] [org.gradle.cache.internal.DefaultFileLockManager] Waiting to acquire shared lock on daemon addresses registry.
2021-04-04T11:52:46.588-0300 [DEBUG] [org.gradle.cache.internal.DefaultFileLockManager] Lock acquired on daemon addresses registry.
2021-04-04T11:52:46.588-0300 [DEBUG] [org.gradle.cache.internal.DefaultFileLockManager] Releasing lock on daemon addresses registry.
2021-04-04T11:52:46.589-0300 [DEBUG] [org.gradle.cache.internal.DefaultFileLockManager] Waiting to acquire shared lock on daemon addresses registry.
2021-04-04T11:52:46.589-0300 [DEBUG] [org.gradle.cache.internal.DefaultFileLockManager] Lock acquired on daemon addresses registry.
2021-04-04T11:52:46.590-0300 [DEBUG] [org.gradle.cache.internal.DefaultFileLockManager] Releasing lock on daemon addresses registry.
2021-04-04T11:52:46.590-0300 [DEBUG] [org.gradle.cache.internal.DefaultFileLockManager] Waiting to acquire shared lock on daemon addresses registry.
2021-04-04T11:52:46.591-0300 [DEBUG] [org.gradle.cache.internal.DefaultFileLockManager] Lock acquired on daemon addresses registry.
2021-04-04T11:52:46.596-0300 [DEBUG] [org.gradle.cache.internal.DefaultFileLockManager] Releasing lock on daemon addresses registry.
2021-04-04T11:52:56.587-0300 [DEBUG] [org.gradle.cache.internal.DefaultFileLockManager] Waiting to acquire shared lock on daemon addresses registry.
2021-04-04T11:52:56.588-0300 [DEBUG] [org.gradle.cache.internal.DefaultFileLockManager] Lock acquired on daemon addresses registry.
2021-04-04T11:52:56.588-0300 [DEBUG] [org.gradle.cache.internal.DefaultFileLockManager] Releasing lock on daemon addresses registry.
2021-04-04T11:52:56.589-0300 [DEBUG] [org.gradle.cache.internal.DefaultFileLockManager] Waiting to acquire shared lock on daemon addresses registry.
2021-04-04T11:52:56.589-0300 [DEBUG] [org.gradle.cache.internal.DefaultFileLockManager] Lock acquired on daemon addresses registry.
2021-04-04T11:52:56.590-0300 [DEBUG] [org.gradle.cache.internal.DefaultFileLockManager] Releasing lock on daemon addresses registry.
2021-04-04T11:52:56.590-0300 [DEBUG] [org.gradle.cache.internal.DefaultFileLockManager] Waiting to acquire shared lock on daemon addresses registry.
2021-04-04T11:52:56.590-0300 [DEBUG] [org.gradle.cache.internal.DefaultFileLockManager] Lock acquired on daemon addresses registry.
2021-04-04T11:52:56.591-0300 [DEBUG] [org.gradle.cache.internal.DefaultFileLockManager] Releasing lock on daemon addresses registry.
2021-04-04T11:53:06.588-0300 [DEBUG] [org.gradle.cache.internal.DefaultFileLockManager] Waiting to acquire shared lock on daemon addresses registry.
2021-04-04T11:53:06.588-0300 [DEBUG] [org.gradle.cache.internal.DefaultFileLockManager] Lock acquired on daemon addresses registry.
2021-04-04T11:53:06.589-0300 [DEBUG] [org.gradle.cache.internal.DefaultFileLockManager] Releasing lock on daemon addresses registry.
2021-04-04T11:53:06.590-0300 [DEBUG] [org.gradle.cache.internal.DefaultFileLockManager] Waiting to acquire shared lock on daemon addresses registry.
2021-04-04T11:53:06.591-0300 [DEBUG] [org.gradle.cache.internal.DefaultFileLockManager] Lock acquired on daemon addresses registry.
2021-04-04T11:53:06.591-0300 [DEBUG] [org.gradle.cache.internal.DefaultFileLockManager] Releasing lock on daemon addresses registry.
2021-04-04T11:53:06.592-0300 [DEBUG] [org.gradle.cache.internal.DefaultFileLockManager] Waiting to acquire shared lock on daemon addresses registry.
2021-04-04T11:53:06.592-0300 [DEBUG] [org.gradle.cache.internal.DefaultFileLockManager] Lock acquired on daemon addresses registry.
2021-04-04T11:53:06.592-0300 [DEBUG] [org.gradle.cache.internal.DefaultFileLockManager] Releasing lock on daemon addresses registry.
2021-04-04T11:53:16.587-0300 [DEBUG] [org.gradle.cache.internal.DefaultFileLockManager] Waiting to acquire shared lock on daemon addresses registry.
2021-04-04T11:53:16.587-0300 [DEBUG] [org.gradle.cache.internal.DefaultFileLockManager] Lock acquired on daemon addresses registry.
2021-04-04T11:53:16.588-0300 [DEBUG] [org.gradle.cache.internal.DefaultFileLockManager] Releasing lock on daemon addresses registry.
2021-04-04T11:53:16.589-0300 [DEBUG] [org.gradle.cache.internal.DefaultFileLockManager] Waiting to acquire shared lock on daemon addresses registry.
2021-04-04T11:53:16.589-0300 [DEBUG] [org.gradle.cache.internal.DefaultFileLockManager] Lock acquired on daemon addresses registry.
2021-04-04T11:53:16.590-0300 [DEBUG] [org.gradle.cache.internal.DefaultFileLockManager] Releasing lock on daemon addresses registry.
2021-04-04T11:53:16.590-0300 [DEBUG] [org.gradle.cache.internal.DefaultFileLockManager] Waiting to acquire shared lock on daemon addresses registry.
2021-04-04T11:53:16.590-0300 [DEBUG] [org.gradle.cache.internal.DefaultFileLockManager] Lock acquired on daemon addresses registry.
2021-04-04T11:53:16.591-0300 [DEBUG] [org.gradle.cache.internal.DefaultFileLockManager] Releasing lock on daemon addresses registry.
2021-04-04T11:53:26.587-0300 [DEBUG] [org.gradle.cache.internal.DefaultFileLockManager] Waiting to acquire shared lock on daemon addresses registry.
2021-04-04T11:53:26.588-0300 [DEBUG] [org.gradle.cache.internal.DefaultFileLockManager] Lock acquired on daemon addresses registry.
2021-04-04T11:53:26.588-0300 [DEBUG] [org.gradle.cache.internal.DefaultFileLockManager] Releasing lock on daemon addresses registry.
2021-04-04T11:53:26.589-0300 [DEBUG] [org.gradle.cache.internal.DefaultFileLockManager] Waiting to acquire shared lock on daemon addresses registry.
2021-04-04T11:53:26.589-0300 [DEBUG] [org.gradle.cache.internal.DefaultFileLockManager] Lock acquired on daemon addresses registry.
2021-04-04T11:53:26.590-0300 [DEBUG] [org.gradle.cache.internal.DefaultFileLockManager] Releasing lock on daemon addresses registry.
2021-04-04T11:53:26.590-0300 [DEBUG] [org.gradle.cache.internal.DefaultFileLockManager] Waiting to acquire shared lock on daemon addresses registry.
2021-04-04T11:53:26.598-0300 [DEBUG] [org.gradle.cache.internal.DefaultFileLockManager] Lock acquired on daemon addresses registry.
2021-04-04T11:53:26.598-0300 [DEBUG] [org.gradle.cache.internal.DefaultFileLockManager] Releasing lock on daemon addresses registry.
2021-04-04T11:53:36.587-0300 [DEBUG] [org.gradle.cache.internal.DefaultFileLockManager] Waiting to acquire shared lock on daemon addresses registry.
2021-04-04T11:53:36.587-0300 [DEBUG] [org.gradle.cache.internal.DefaultFileLockManager] Lock acquired on daemon addresses registry.
2021-04-04T11:53:36.588-0300 [DEBUG] [org.gradle.cache.internal.DefaultFileLockManager] Releasing lock on daemon addresses registry.
2021-04-04T11:53:36.588-0300 [DEBUG] [org.gradle.cache.internal.DefaultFileLockManager] Waiting to acquire shared lock on daemon addresses registry.
2021-04-04T11:53:36.589-0300 [DEBUG] [org.gradle.cache.internal.DefaultFileLockManager] Lock acquired on daemon addresses registry.
2021-04-04T11:53:36.589-0300 [DEBUG] [org.gradle.cache.internal.DefaultFileLockManager] Releasing lock on daemon addresses registry.
2021-04-04T11:53:36.590-0300 [DEBUG] [org.gradle.cache.internal.DefaultFileLockManager] Waiting to acquire shared lock on daemon addresses registry.
2021-04-04T11:53:36.590-0300 [DEBUG] [org.gradle.cache.internal.DefaultFileLockManager] Lock acquired on daemon addresses registry.
2021-04-04T11:53:36.590-0300 [DEBUG] [org.gradle.cache.internal.DefaultFileLockManager] Releasing lock on daemon addresses registry.
2021-04-04T11:53:46.587-0300 [DEBUG] [org.gradle.cache.internal.DefaultFileLockManager] Waiting to acquire shared lock on daemon addresses registry.
2021-04-04T11:53:46.587-0300 [DEBUG] [org.gradle.cache.internal.DefaultFileLockManager] Lock acquired on daemon addresses registry.
2021-04-04T11:53:46.588-0300 [DEBUG] [org.gradle.cache.internal.DefaultFileLockManager] Releasing lock on daemon addresses registry.
2021-04-04T11:53:46.588-0300 [DEBUG] [org.gradle.cache.internal.DefaultFileLockManager] Waiting to acquire shared lock on daemon addresses registry.
2021-04-04T11:53:46.589-0300 [DEBUG] [org.gradle.cache.internal.DefaultFileLockManager] Lock acquired on daemon addresses registry.
2021-04-04T11:53:46.589-0300 [DEBUG] [org.gradle.cache.internal.DefaultFileLockManager] Releasing lock on daemon addresses registry.
2021-04-04T11:53:46.590-0300 [DEBUG] [org.gradle.cache.internal.DefaultFileLockManager] Waiting to acquire shared lock on daemon addresses registry.
2021-04-04T11:53:46.590-0300 [DEBUG] [org.gradle.cache.internal.DefaultFileLockManager] Lock acquired on daemon addresses registry.
2021-04-04T11:53:46.590-0300 [DEBUG] [org.gradle.cache.internal.DefaultFileLockManager] Releasing lock on daemon addresses registry.
2021-04-04T11:53:56.587-0300 [DEBUG] [org.gradle.cache.internal.DefaultFileLockManager] Waiting to acquire shared lock on daemon addresses registry.
2021-04-04T11:53:56.587-0300 [DEBUG] [org.gradle.cache.internal.DefaultFileLockManager] Lock acquired on daemon addresses registry.
2021-04-04T11:53:56.588-0300 [DEBUG] [org.gradle.cache.internal.DefaultFileLockManager] Releasing lock on daemon addresses registry.
2021-04-04T11:53:56.588-0300 [DEBUG] [org.gradle.cache.internal.DefaultFileLockManager] Waiting to acquire shared lock on daemon addresses registry.
2021-04-04T11:53:56.589-0300 [DEBUG] [org.gradle.cache.internal.DefaultFileLockManager] Lock acquired on daemon addresses registry.
2021-04-04T11:53:56.589-0300 [DEBUG] [org.gradle.cache.internal.DefaultFileLockManager] Releasing lock on daemon addresses registry.
2021-04-04T11:53:56.590-0300 [DEBUG] [org.gradle.cache.internal.DefaultFileLockManager] Waiting to acquire shared lock on daemon addresses registry.
2021-04-04T11:53:56.590-0300 [DEBUG] [org.gradle.cache.internal.DefaultFileLockManager] Lock acquired on daemon addresses registry.
2021-04-04T11:53:56.590-0300 [DEBUG] [org.gradle.cache.internal.DefaultFileLockManager] Releasing lock on daemon addresses registry.
2021-04-04T11:54:06.587-0300 [DEBUG] [org.gradle.cache.internal.DefaultFileLockManager] Waiting to acquire shared lock on daemon addresses registry.
2021-04-04T11:54:06.587-0300 [DEBUG] [org.gradle.cache.internal.DefaultFileLockManager] Lock acquired on daemon addresses registry.
2021-04-04T11:54:06.588-0300 [DEBUG] [org.gradle.cache.internal.DefaultFileLockManager] Releasing lock on daemon addresses registry.
2021-04-04T11:54:06.588-0300 [DEBUG] [org.gradle.cache.internal.DefaultFileLockManager] Waiting to acquire shared lock on daemon addresses registry.
2021-04-04T11:54:06.589-0300 [DEBUG] [org.gradle.cache.internal.DefaultFileLockManager] Lock acquired on daemon addresses registry.
2021-04-04T11:54:06.589-0300 [DEBUG] [org.gradle.cache.internal.DefaultFileLockManager] Releasing lock on daemon addresses registry.
2021-04-04T11:54:06.590-0300 [DEBUG] [org.gradle.cache.internal.DefaultFileLockManager] Waiting to acquire shared lock on daemon addresses registry.
2021-04-04T11:54:06.590-0300 [DEBUG] [org.gradle.cache.internal.DefaultFileLockManager] Lock acquired on daemon addresses registry.
2021-04-04T11:54:06.590-0300 [DEBUG] [org.gradle.cache.internal.DefaultFileLockManager] Releasing lock on daemon addresses registry.
2021-04-04T11:54:16.588-0300 [DEBUG] [org.gradle.cache.internal.DefaultFileLockManager] Waiting to acquire shared lock on daemon addresses registry.
2021-04-04T11:54:16.588-0300 [DEBUG] [org.gradle.cache.internal.DefaultFileLockManager] Lock acquired on daemon addresses registry.
2021-04-04T11:54:16.588-0300 [DEBUG] [org.gradle.cache.internal.DefaultFileLockManager] Releasing lock on daemon addresses registry.
2021-04-04T11:54:16.589-0300 [DEBUG] [org.gradle.cache.internal.DefaultFileLockManager] Waiting to acquire shared lock on daemon addresses registry.
2021-04-04T11:54:16.590-0300 [DEBUG] [org.gradle.cache.internal.DefaultFileLockManager] Lock acquired on daemon addresses registry.
2021-04-04T11:54:16.590-0300 [DEBUG] [org.gradle.cache.internal.DefaultFileLockManager] Releasing lock on daemon addresses registry.
2021-04-04T11:54:16.590-0300 [DEBUG] [org.gradle.cache.internal.DefaultFileLockManager] Waiting to acquire shared lock on daemon addresses registry.
2021-04-04T11:54:16.591-0300 [DEBUG] [org.gradle.cache.internal.DefaultFileLockManager] Lock acquired on daemon addresses registry.
2021-04-04T11:54:16.591-0300 [DEBUG] [org.gradle.cache.internal.DefaultFileLockManager] Releasing lock on daemon addresses registry.
2021-04-04T11:54:26.587-0300 [DEBUG] [org.gradle.cache.internal.DefaultFileLockManager] Waiting to acquire shared lock on daemon addresses registry.
2021-04-04T11:54:26.587-0300 [DEBUG] [org.gradle.cache.internal.DefaultFileLockManager] Lock acquired on daemon addresses registry.
2021-04-04T11:54:26.588-0300 [DEBUG] [org.gradle.cache.internal.DefaultFileLockManager] Releasing lock on daemon addresses registry.
2021-04-04T11:54:26.589-0300 [DEBUG] [org.gradle.cache.internal.DefaultFileLockManager] Waiting to acquire shared lock on daemon addresses registry.
2021-04-04T11:54:26.589-0300 [DEBUG] [org.gradle.cache.internal.DefaultFileLockManager] Lock acquired on daemon addresses registry.
2021-04-04T11:54:26.589-0300 [DEBUG] [org.gradle.cache.internal.DefaultFileLockManager] Releasing lock on daemon addresses registry.
2021-04-04T11:54:26.590-0300 [DEBUG] [org.gradle.cache.internal.DefaultFileLockManager] Waiting to acquire shared lock on daemon addresses registry.
2021-04-04T11:54:26.590-0300 [DEBUG] [org.gradle.cache.internal.DefaultFileLockManager] Lock acquired on daemon addresses registry.
2021-04-04T11:54:26.590-0300 [DEBUG] [org.gradle.cache.internal.DefaultFileLockManager] Releasing lock on daemon addresses registry.
2021-04-04T11:54:36.587-0300 [DEBUG] [org.gradle.cache.internal.DefaultFileLockManager] Waiting to acquire shared lock on daemon addresses registry.
2021-04-04T11:54:36.587-0300 [DEBUG] [org.gradle.cache.internal.DefaultFileLockManager] Lock acquired on daemon addresses registry.
2021-04-04T11:54:36.587-0300 [DEBUG] [org.gradle.cache.internal.DefaultFileLockManager] Releasing lock on daemon addresses registry.
2021-04-04T11:54:36.587-0300 [DEBUG] [org.gradle.cache.internal.DefaultFileLockManager] Waiting to acquire shared lock on daemon addresses registry.
2021-04-04T11:54:36.587-0300 [DEBUG] [org.gradle.cache.internal.DefaultFileLockManager] Lock acquired on daemon addresses registry.
2021-04-04T11:54:36.587-0300 [DEBUG] [org.gradle.cache.internal.DefaultFileLockManager] Releasing lock on daemon addresses registry.
2021-04-04T11:54:36.587-0300 [DEBUG] [org.gradle.cache.internal.DefaultFileLockManager] Waiting to acquire shared lock on daemon addresses registry.
2021-04-04T11:54:36.587-0300 [DEBUG] [org.gradle.cache.internal.DefaultFileLockManager] Lock acquired on daemon addresses registry.
2021-04-04T11:54:36.588-0300 [DEBUG] [org.gradle.cache.internal.DefaultFileLockManager] Releasing lock on daemon addresses registry.
2021-04-04T11:54:46.587-0300 [DEBUG] [org.gradle.cache.internal.DefaultFileLockManager] Waiting to acquire shared lock on daemon addresses registry.
2021-04-04T11:54:46.587-0300 [DEBUG] [org.gradle.cache.internal.DefaultFileLockManager] Lock acquired on daemon addresses registry.
2021-04-04T11:54:46.587-0300 [DEBUG] [org.gradle.cache.internal.DefaultFileLockManager] Releasing lock on daemon addresses registry.
2021-04-04T11:54:46.587-0300 [DEBUG] [org.gradle.cache.internal.DefaultFileLockManager] Waiting to acquire shared lock on daemon addresses registry.
2021-04-04T11:54:46.587-0300 [DEBUG] [org.gradle.cache.internal.DefaultFileLockManager] Lock acquired on daemon addresses registry.
2021-04-04T11:54:46.587-0300 [DEBUG] [org.gradle.cache.internal.DefaultFileLockManager] Releasing lock on daemon addresses registry.
2021-04-04T11:54:46.587-0300 [DEBUG] [org.gradle.cache.internal.DefaultFileLockManager] Waiting to acquire shared lock on daemon addresses registry.
2021-04-04T11:54:46.587-0300 [DEBUG] [org.gradle.cache.internal.DefaultFileLockManager] Lock acquired on daemon addresses registry.
2021-04-04T11:54:46.588-0300 [DEBUG] [org.gradle.cache.internal.DefaultFileLockManager] Releasing lock on daemon addresses registry.
2021-04-04T11:54:56.587-0300 [DEBUG] [org.gradle.cache.internal.DefaultFileLockManager] Waiting to acquire shared lock on daemon addresses registry.
2021-04-04T11:54:56.587-0300 [DEBUG] [org.gradle.cache.internal.DefaultFileLockManager] Lock acquired on daemon addresses registry.
2021-04-04T11:54:56.588-0300 [DEBUG] [org.gradle.cache.internal.DefaultFileLockManager] Releasing lock on daemon addresses registry.
2021-04-04T11:54:56.589-0300 [DEBUG] [org.gradle.cache.internal.DefaultFileLockManager] Waiting to acquire shared lock on daemon addresses registry.
2021-04-04T11:54:56.589-0300 [DEBUG] [org.gradle.cache.internal.DefaultFileLockManager] Lock acquired on daemon addresses registry.
2021-04-04T11:54:56.589-0300 [DEBUG] [org.gradle.cache.internal.DefaultFileLockManager] Releasing lock on daemon addresses registry.
2021-04-04T11:54:56.590-0300 [DEBUG] [org.gradle.cache.internal.DefaultFileLockManager] Waiting to acquire shared lock on daemon addresses registry.
2021-04-04T11:54:56.590-0300 [DEBUG] [org.gradle.cache.internal.DefaultFileLockManager] Lock acquired on daemon addresses registry.
2021-04-04T11:54:56.590-0300 [DEBUG] [org.gradle.cache.internal.DefaultFileLockManager] Releasing lock on daemon addresses registry.
2021-04-04T11:55:06.587-0300 [DEBUG] [org.gradle.cache.internal.DefaultFileLockManager] Waiting to acquire shared lock on daemon addresses registry.
2021-04-04T11:55:06.587-0300 [DEBUG] [org.gradle.cache.internal.DefaultFileLockManager] Lock acquired on daemon addresses registry.
2021-04-04T11:55:06.588-0300 [DEBUG] [org.gradle.cache.internal.DefaultFileLockManager] Releasing lock on daemon addresses registry.
2021-04-04T11:55:06.588-0300 [DEBUG] [org.gradle.cache.internal.DefaultFileLockManager] Waiting to acquire shared lock on daemon addresses registry.
2021-04-04T11:55:06.589-0300 [DEBUG] [org.gradle.cache.internal.DefaultFileLockManager] Lock acquired on daemon addresses registry.
2021-04-04T11:55:06.589-0300 [DEBUG] [org.gradle.cache.internal.DefaultFileLockManager] Releasing lock on daemon addresses registry.
2021-04-04T11:55:06.589-0300 [DEBUG] [org.gradle.cache.internal.DefaultFileLockManager] Waiting to acquire shared lock on daemon addresses registry.
2021-04-04T11:55:06.590-0300 [DEBUG] [org.gradle.cache.internal.DefaultFileLockManager] Lock acquired on daemon addresses registry.
2021-04-04T11:55:06.590-0300 [DEBUG] [org.gradle.cache.internal.DefaultFileLockManager] Releasing lock on daemon addresses registry.
2021-04-04T11:55:16.587-0300 [DEBUG] [org.gradle.cache.internal.DefaultFileLockManager] Waiting to acquire shared lock on daemon addresses registry.
2021-04-04T11:55:16.587-0300 [DEBUG] [org.gradle.cache.internal.DefaultFileLockManager] Lock acquired on daemon addresses registry.
2021-04-04T11:55:16.587-0300 [DEBUG] [org.gradle.cache.internal.DefaultFileLockManager] Releasing lock on daemon addresses registry.
2021-04-04T11:55:16.588-0300 [DEBUG] [org.gradle.cache.internal.DefaultFileLockManager] Waiting to acquire shared lock on daemon addresses registry.
2021-04-04T11:55:16.588-0300 [DEBUG] [org.gradle.cache.internal.DefaultFileLockManager] Lock acquired on daemon addresses registry.
2021-04-04T11:55:16.588-0300 [DEBUG] [org.gradle.cache.internal.DefaultFileLockManager] Releasing lock on daemon addresses registry.
2021-04-04T11:55:16.589-0300 [DEBUG] [org.gradle.cache.internal.DefaultFileLockManager] Waiting to acquire shared lock on daemon addresses registry.
2021-04-04T11:55:16.589-0300 [DEBUG] [org.gradle.cache.internal.DefaultFileLockManager] Lock acquired on daemon addresses registry.
2021-04-04T11:55:16.589-0300 [DEBUG] [org.gradle.cache.internal.DefaultFileLockManager] Releasing lock on daemon addresses registry.
2021-04-04T11:55:26.587-0300 [DEBUG] [org.gradle.cache.internal.DefaultFileLockManager] Waiting to acquire shared lock on daemon addresses registry.
2021-04-04T11:55:26.587-0300 [DEBUG] [org.gradle.cache.internal.DefaultFileLockManager] Lock acquired on daemon addresses registry.
2021-04-04T11:55:26.588-0300 [DEBUG] [org.gradle.cache.internal.DefaultFileLockManager] Releasing lock on daemon addresses registry.
2021-04-04T11:55:26.588-0300 [DEBUG] [org.gradle.cache.internal.DefaultFileLockManager] Waiting to acquire shared lock on daemon addresses registry.
2021-04-04T11:55:26.589-0300 [DEBUG] [org.gradle.cache.internal.DefaultFileLockManager] Lock acquired on daemon addresses registry.
2021-04-04T11:55:26.589-0300 [DEBUG] [org.gradle.cache.internal.DefaultFileLockManager] Releasing lock on daemon addresses registry.
2021-04-04T11:55:26.590-0300 [DEBUG] [org.gradle.cache.internal.DefaultFileLockManager] Waiting to acquire shared lock on daemon addresses registry.
2021-04-04T11:55:26.590-0300 [DEBUG] [org.gradle.cache.internal.DefaultFileLockManager] Lock acquired on daemon addresses registry.
2021-04-04T11:55:26.590-0300 [DEBUG] [org.gradle.cache.internal.DefaultFileLockManager] Releasing lock on daemon addresses registry.
2021-04-04T11:55:36.587-0300 [DEBUG] [org.gradle.cache.internal.DefaultFileLockManager] Waiting to acquire shared lock on daemon addresses registry.
2021-04-04T11:55:36.587-0300 [DEBUG] [org.gradle.cache.internal.DefaultFileLockManager] Lock acquired on daemon addresses registry.
2021-04-04T11:55:36.588-0300 [DEBUG] [org.gradle.cache.internal.DefaultFileLockManager] Releasing lock on daemon addresses registry.
2021-04-04T11:55:36.588-0300 [DEBUG] [org.gradle.cache.internal.DefaultFileLockManager] Waiting to acquire shared lock on daemon addresses registry.
2021-04-04T11:55:36.589-0300 [DEBUG] [org.gradle.cache.internal.DefaultFileLockManager] Lock acquired on daemon addresses registry.
2021-04-04T11:55:36.589-0300 [DEBUG] [org.gradle.cache.internal.DefaultFileLockManager] Releasing lock on daemon addresses registry.
2021-04-04T11:55:36.590-0300 [DEBUG] [org.gradle.cache.internal.DefaultFileLockManager] Waiting to acquire shared lock on daemon addresses registry.
2021-04-04T11:55:36.590-0300 [DEBUG] [org.gradle.cache.internal.DefaultFileLockManager] Lock acquired on daemon addresses registry.
2021-04-04T11:55:36.590-0300 [DEBUG] [org.gradle.cache.internal.DefaultFileLockManager] Releasing lock on daemon addresses registry.
2021-04-04T11:55:46.587-0300 [DEBUG] [org.gradle.cache.internal.DefaultFileLockManager] Waiting to acquire shared lock on daemon addresses registry.
2021-04-04T11:55:46.587-0300 [DEBUG] [org.gradle.cache.internal.DefaultFileLockManager] Lock acquired on daemon addresses registry.
2021-04-04T11:55:46.588-0300 [DEBUG] [org.gradle.cache.internal.DefaultFileLockManager] Releasing lock on daemon addresses registry.
2021-04-04T11:55:46.588-0300 [DEBUG] [org.gradle.cache.internal.DefaultFileLockManager] Waiting to acquire shared lock on daemon addresses registry.
2021-04-04T11:55:46.589-0300 [DEBUG] [org.gradle.cache.internal.DefaultFileLockManager] Lock acquired on daemon addresses registry.
2021-04-04T11:55:46.589-0300 [DEBUG] [org.gradle.cache.internal.DefaultFileLockManager] Releasing lock on daemon addresses registry.
2021-04-04T11:55:46.590-0300 [DEBUG] [org.gradle.cache.internal.DefaultFileLockManager] Waiting to acquire shared lock on daemon addresses registry.
2021-04-04T11:55:46.590-0300 [DEBUG] [org.gradle.cache.internal.DefaultFileLockManager] Lock acquired on daemon addresses registry.
2021-04-04T11:55:46.590-0300 [DEBUG] [org.gradle.cache.internal.DefaultFileLockManager] Releasing lock on daemon addresses registry.
2021-04-04T11:55:56.587-0300 [DEBUG] [org.gradle.cache.internal.DefaultFileLockManager] Waiting to acquire shared lock on daemon addresses registry.
2021-04-04T11:55:56.587-0300 [DEBUG] [org.gradle.cache.internal.DefaultFileLockManager] Lock acquired on daemon addresses registry.
2021-04-04T11:55:56.588-0300 [DEBUG] [org.gradle.cache.internal.DefaultFileLockManager] Releasing lock on daemon addresses registry.
2021-04-04T11:55:56.588-0300 [DEBUG] [org.gradle.cache.internal.DefaultFileLockManager] Waiting to acquire shared lock on daemon addresses registry.
2021-04-04T11:55:56.589-0300 [DEBUG] [org.gradle.cache.internal.DefaultFileLockManager] Lock acquired on daemon addresses registry.
2021-04-04T11:55:56.589-0300 [DEBUG] [org.gradle.cache.internal.DefaultFileLockManager] Releasing lock on daemon addresses registry.
2021-04-04T11:55:56.589-0300 [DEBUG] [org.gradle.cache.internal.DefaultFileLockManager] Waiting to acquire shared lock on daemon addresses registry.
2021-04-04T11:55:56.590-0300 [DEBUG] [org.gradle.cache.internal.DefaultFileLockManager] Lock acquired on daemon addresses registry.
2021-04-04T11:55:56.590-0300 [DEBUG] [org.gradle.cache.internal.DefaultFileLockManager] Releasing lock on daemon addresses registry.
2021-04-04T11:56:06.587-0300 [DEBUG] [org.gradle.cache.internal.DefaultFileLockManager] Waiting to acquire shared lock on daemon addresses registry.
2021-04-04T11:56:06.587-0300 [DEBUG] [org.gradle.cache.internal.DefaultFileLockManager] Lock acquired on daemon addresses registry.
2021-04-04T11:56:06.588-0300 [DEBUG] [org.gradle.cache.internal.DefaultFileLockManager] Releasing lock on daemon addresses registry.
2021-04-04T11:56:06.588-0300 [DEBUG] [org.gradle.cache.internal.DefaultFileLockManager] Waiting to acquire shared lock on daemon addresses registry.
2021-04-04T11:56:06.589-0300 [DEBUG] [org.gradle.cache.internal.DefaultFileLockManager] Lock acquired on daemon addresses registry.
2021-04-04T11:56:06.589-0300 [DEBUG] [org.gradle.cache.internal.DefaultFileLockManager] Releasing lock on daemon addresses registry.
2021-04-04T11:56:06.589-0300 [DEBUG] [org.gradle.cache.internal.DefaultFileLockManager] Waiting to acquire shared lock on daemon addresses registry.
2021-04-04T11:56:06.590-0300 [DEBUG] [org.gradle.cache.internal.DefaultFileLockManager] Lock acquired on daemon addresses registry.
2021-04-04T11:56:06.590-0300 [DEBUG] [org.gradle.cache.internal.DefaultFileLockManager] Releasing lock on daemon addresses registry.
2021-04-04T11:56:16.587-0300 [DEBUG] [org.gradle.cache.internal.DefaultFileLockManager] Waiting to acquire shared lock on daemon addresses registry.
2021-04-04T11:56:16.587-0300 [DEBUG] [org.gradle.cache.internal.DefaultFileLockManager] Lock acquired on daemon addresses registry.
2021-04-04T11:56:16.588-0300 [DEBUG] [org.gradle.cache.internal.DefaultFileLockManager] Releasing lock on daemon addresses registry.
2021-04-04T11:56:16.588-0300 [DEBUG] [org.gradle.cache.internal.DefaultFileLockManager] Waiting to acquire shared lock on daemon addresses registry.
2021-04-04T11:56:16.589-0300 [DEBUG] [org.gradle.cache.internal.DefaultFileLockManager] Lock acquired on daemon addresses registry.
2021-04-04T11:56:16.589-0300 [DEBUG] [org.gradle.cache.internal.DefaultFileLockManager] Releasing lock on daemon addresses registry.
2021-04-04T11:56:16.589-0300 [DEBUG] [org.gradle.cache.internal.DefaultFileLockManager] Waiting to acquire shared lock on daemon addresses registry.
2021-04-04T11:56:16.590-0300 [DEBUG] [org.gradle.cache.internal.DefaultFileLockManager] Lock acquired on daemon addresses registry.
2021-04-04T11:56:16.590-0300 [DEBUG] [org.gradle.cache.internal.DefaultFileLockManager] Releasing lock on daemon addresses registry.
2021-04-04T11:56:26.587-0300 [DEBUG] [org.gradle.cache.internal.DefaultFileLockManager] Waiting to acquire shared lock on daemon addresses registry.
2021-04-04T11:56:26.587-0300 [DEBUG] [org.gradle.cache.internal.DefaultFileLockManager] Lock acquired on daemon addresses registry.
2021-04-04T11:56:26.587-0300 [DEBUG] [org.gradle.cache.internal.DefaultFileLockManager] Releasing lock on daemon addresses registry.
2021-04-04T11:56:26.588-0300 [DEBUG] [org.gradle.cache.internal.DefaultFileLockManager] Waiting to acquire shared lock on daemon addresses registry.
2021-04-04T11:56:26.588-0300 [DEBUG] [org.gradle.cache.internal.DefaultFileLockManager] Lock acquired on daemon addresses registry.
2021-04-04T11:56:26.588-0300 [DEBUG] [org.gradle.cache.internal.DefaultFileLockManager] Releasing lock on daemon addresses registry.
2021-04-04T11:56:26.589-0300 [DEBUG] [org.gradle.cache.internal.DefaultFileLockManager] Waiting to acquire shared lock on daemon addresses registry.
2021-04-04T11:56:26.589-0300 [DEBUG] [org.gradle.cache.internal.DefaultFileLockManager] Lock acquired on daemon addresses registry.
2021-04-04T11:56:26.589-0300 [DEBUG] [org.gradle.cache.internal.DefaultFileLockManager] Releasing lock on daemon addresses registry.
2021-04-04T11:56:36.587-0300 [DEBUG] [org.gradle.cache.internal.DefaultFileLockManager] Waiting to acquire shared lock on daemon addresses registry.
2021-04-04T11:56:36.587-0300 [DEBUG] [org.gradle.cache.internal.DefaultFileLockManager] Lock acquired on daemon addresses registry.
2021-04-04T11:56:36.587-0300 [DEBUG] [org.gradle.cache.internal.DefaultFileLockManager] Releasing lock on daemon addresses registry.
2021-04-04T11:56:36.587-0300 [DEBUG] [org.gradle.cache.internal.DefaultFileLockManager] Waiting to acquire shared lock on daemon addresses registry.
2021-04-04T11:56:36.587-0300 [DEBUG] [org.gradle.cache.internal.DefaultFileLockManager] Lock acquired on daemon addresses registry.
2021-04-04T11:56:36.587-0300 [DEBUG] [org.gradle.cache.internal.DefaultFileLockManager] Releasing lock on daemon addresses registry.
2021-04-04T11:56:36.588-0300 [DEBUG] [org.gradle.cache.internal.DefaultFileLockManager] Waiting to acquire shared lock on daemon addresses registry.
2021-04-04T11:56:36.588-0300 [DEBUG] [org.gradle.cache.internal.DefaultFileLockManager] Lock acquired on daemon addresses registry.
2021-04-04T11:56:36.588-0300 [DEBUG] [org.gradle.cache.internal.DefaultFileLockManager] Releasing lock on daemon addresses registry.
2021-04-04T11:56:46.587-0300 [DEBUG] [org.gradle.cache.internal.DefaultFileLockManager] Waiting to acquire shared lock on daemon addresses registry.
2021-04-04T11:56:46.587-0300 [DEBUG] [org.gradle.cache.internal.DefaultFileLockManager] Lock acquired on daemon addresses registry.
2021-04-04T11:56:46.588-0300 [DEBUG] [org.gradle.cache.internal.DefaultFileLockManager] Releasing lock on daemon addresses registry.
2021-04-04T11:56:46.588-0300 [DEBUG] [org.gradle.cache.internal.DefaultFileLockManager] Waiting to acquire shared lock on daemon addresses registry.
2021-04-04T11:56:46.589-0300 [DEBUG] [org.gradle.cache.internal.DefaultFileLockManager] Lock acquired on daemon addresses registry.
2021-04-04T11:56:46.589-0300 [DEBUG] [org.gradle.cache.internal.DefaultFileLockManager] Releasing lock on daemon addresses registry.
2021-04-04T11:56:46.589-0300 [DEBUG] [org.gradle.cache.internal.DefaultFileLockManager] Waiting to acquire shared lock on daemon addresses registry.
2021-04-04T11:56:46.590-0300 [DEBUG] [org.gradle.cache.internal.DefaultFileLockManager] Lock acquired on daemon addresses registry.
2021-04-04T11:56:46.590-0300 [DEBUG] [org.gradle.cache.internal.DefaultFileLockManager] Releasing lock on daemon addresses registry.
2021-04-04T11:56:51.134-0300 [DEBUG] [org.gradle.internal.remote.internal.inet.TcpIncomingConnector] Accepted connection from /127.0.0.1:38072 to /127.0.0.1:40287.
2021-04-04T11:56:51.177-0300 [DEBUG] [org.gradle.launcher.daemon.server.SynchronizedDispatchConnection] thread 143: received class org.gradle.launcher.daemon.protocol.Build
2021-04-04T11:56:51.178-0300 [DEBUG] [org.gradle.launcher.daemon.server.DefaultDaemonConnection] thread 143: Received non-IO message from client: Build{id=a212a0ae-d522-462c-bf76-6320e54fc8ec, currentDir=/home/dalison/AndroidStudioProjects/app}
2021-04-04T11:56:51.178-0300 [INFO] [org.gradle.launcher.daemon.server.DefaultIncomingConnectionHandler] Received command: Build{id=a212a0ae-d522-462c-bf76-6320e54fc8ec, currentDir=/home/dalison/AndroidStudioProjects/app}.
2021-04-04T11:56:51.178-0300 [DEBUG] [org.gradle.launcher.daemon.server.DefaultIncomingConnectionHandler] Starting executing command: Build{id=a212a0ae-d522-462c-bf76-6320e54fc8ec, currentDir=/home/dalison/AndroidStudioProjects/app} with connection: socket connection from /127.0.0.1:40287 to /127.0.0.1:38072.
2021-04-04T11:56:51.178-0300 [ERROR] [org.gradle.launcher.daemon.server.DaemonStateCoordinator] Command execution: started DaemonCommandExecution[command = Build{id=a212a0ae-d522-462c-bf76-6320e54fc8ec, currentDir=/home/dalison/AndroidStudioProjects/app}, connection = DefaultDaemonConnection: socket connection from /127.0.0.1:40287 to /127.0.0.1:38072] after 4.0 minutes of idle
2021-04-04T11:56:51.178-0300 [INFO] [org.gradle.launcher.daemon.server.DaemonRegistryUpdater] Marking the daemon as busy, address: [0328b58f-9cff-4970-a5e7-4e9e2d86912d port:40287, addresses:[localhost/127.0.0.1]]
2021-04-04T11:56:51.178-0300 [DEBUG] [org.gradle.launcher.daemon.registry.PersistentDaemonRegistry] Marking busy by address: [0328b58f-9cff-4970-a5e7-4e9e2d86912d port:40287, addresses:[localhost/127.0.0.1]]
2021-04-04T11:56:51.179-0300 [DEBUG] [org.gradle.cache.internal.DefaultFileLockManager] Waiting to acquire exclusive lock on daemon addresses registry.
2021-04-04T11:56:51.179-0300 [DEBUG] [org.gradle.cache.internal.DefaultFileLockManager] Lock acquired on daemon addresses registry.
2021-04-04T11:56:51.180-0300 [DEBUG] [org.gradle.cache.internal.DefaultFileLockManager] Releasing lock on daemon addresses registry.
2021-04-04T11:56:51.180-0300 [DEBUG] [org.gradle.launcher.daemon.server.DaemonStateCoordinator] resetting idle timer
2021-04-04T11:56:51.180-0300 [DEBUG] [org.gradle.launcher.daemon.server.DaemonStateCoordinator] daemon is running. Sleeping until state changes.
2021-04-04T11:56:51.181-0300 [INFO] [org.gradle.launcher.daemon.server.exec.StartBuildOrRespondWithBusy] Daemon is about to start building Build{id=a212a0ae-d522-462c-bf76-6320e54fc8ec, currentDir=/home/dalison/AndroidStudioProjects/app}. Dispatching build started information...
2021-04-04T11:56:51.181-0300 [DEBUG] [org.gradle.launcher.daemon.server.SynchronizedDispatchConnection] thread 145: dispatching org.gradle.launcher.daemon.protocol.BuildStarted@5c03bcde
2021-04-04T11:56:51.184-0300 [DEBUG] [org.gradle.launcher.daemon.server.exec.EstablishBuildEnvironment] Configuring env variables: {PATH=/app/bin:/usr/bin:, XAUTHORITY=/run/user/1000/Xauthority, XDG_DATA_DIRS=/app/share:/usr/share:/usr/share/runtime/share:/run/host/user-share:/run/host/share, MANDATORY_PATH=/usr/share/gconf/cinnamon.mandatory.path, GDMSESSION=cinnamon, DBUS_SESSION_BUS_ADDRESS=unix:path=/run/user/1000/bus, DEFAULTS_PATH=/usr/share/gconf/cinnamon.default.path, XDG_CURRENT_DESKTOP=X-Cinnamon, XDG_CACHE_HOME=/home/dalison/.var/app/com.google.AndroidStudio/cache, SSH_AGENT_PID=1000, SESSION_MANAGER=local/dalison-B85M-D3PH:@/tmp/.ICE-unix/936,unix/dalison-B85M-D3PH:/tmp/.ICE-unix/936, ALSA_CONFIG_PATH=/usr/share/alsa/alsa-flatpak.conf, LOGNAME=dalison, GST_PLUGIN_SYSTEM_PATH=/app/lib/gstreamer-1.0:/usr/lib/extensions/gstreamer-1.0:/usr/lib/x86_64-linux-gnu/gstreamer-1.0, PWD=/home/dalison, LANGUAGE=pt_BR:pt:en, GJS_DEBUG_TOPICS=JS ERROR;JS LOG, SHELL=/bin/sh, GIO_LAUNCHED_DESKTOP_FILE=/var/lib/flatpak/exports/share/applications/com.google.AndroidStudio.desktop, AT_SPI_BUS_ADDRESS=unix:path=/run/user/1000/at-spi-bus, OLDPWD=/app/extra/android-studio/bin, GNOME_DESKTOP_SESSION_ID=this-is-deprecated, GTK_MODULES=gail:atk-bridge, XDG_SESSION_PATH=/org/freedesktop/DisplayManager/Session0, _JAVA_OPTIONS=-Djava.io.tmpdir=/home/dalison/.var/app/com.google.AndroidStudio/cache, ALSA_CONFIG_DIR=/usr/share/alsa, XDG_SESSION_DESKTOP=cinnamon, SHLVL=1, PULSE_CLIENTCONFIG=/run/user/1000/pulse/config, JAVA_HOME=/app/extra/android-studio/jre, XDG_CONFIG_DIRS=/app/etc/xdg:/etc/xdg, LANG=pt_BR.UTF-8, XDG_SEAT_PATH=/org/freedesktop/DisplayManager/Seat0, XDG_SESSION_ID=c1, XDG_SESSION_TYPE=x11, FLATPAK_SANDBOX_DIR=/home/dalison/.var/app/com.google.AndroidStudio/sandbox, DISPLAY=:99.0, QT_DEVICE_PIXEL_RATIO=auto, CINNAMON_VERSION=4.4.8, GI_TYPELIB_PATH=/app/lib/girepository-1.0, _=/app/extra/android-studio/jre/bin/java, PT7HOME=/opt/pt, GDM_LANG=pt_BR, XDG_DATA_HOME=/home/dalison/.var/app/com.google.AndroidStudio/data, XDG_GREETER_DATA_DIR=/var/lib/lightdm-data/dalison, DESKTOP_SESSION=cinnamon, GPG_AGENT_INFO=/run/user/1000/gnupg/S.gpg-agent:0:1, USER=dalison, XDG_CONFIG_HOME=/home/dalison/.var/app/com.google.AndroidStudio/config, GIO_LAUNCHED_DESKTOP_FILE_PID=20119, QT_ACCESSIBILITY=1, PULSE_SERVER=unix:/run/user/1000/pulse/native, GJS_DEBUG_OUTPUT=stderr, XDG_SEAT=seat0, SSH_AUTH_SOCK=/run/user/1000/ssh-auth, GTK_OVERLAY_SCROLLING=1, QT_QPA_PLATFORMTHEME=qt5ct, XDG_VTNR=7, XDG_RUNTIME_DIR=/run/user/1000, HOME=/home/dalison}
2021-04-04T11:56:51.191-0300 [DEBUG] [org.gradle.launcher.daemon.server.exec.LogToClient] About to start relaying all logs to the client via the connection.
2021-04-04T11:56:51.191-0300 [INFO] [org.gradle.launcher.daemon.server.exec.LogToClient] The client will now receive all logging from the daemon (pid: 353). The daemon log file: /home/dalison/AndroidStudioProjects/app/gradle/daemon/6.5/daemon-353.out.log
2021-04-04T11:56:51.193-0300 [INFO] [org.gradle.launcher.daemon.server.exec.LogAndCheckHealth] Starting 2nd build in daemon [uptime: 4 mins 54.714 secs, performance: 94%, GC rate: 0,21/s, heap usage: 2% of 1,4 GB]
2021-04-04T11:56:51.194-0300 [DEBUG] [org.gradle.launcher.daemon.server.exec.ExecuteBuild] The daemon has started executing the build.
2021-04-04T11:56:51.194-0300 [DEBUG] [org.gradle.launcher.daemon.server.exec.ExecuteBuild] Executing build with daemon context: DefaultDaemonContext[uid=1347045b-d8e8-4e0c-9521-2acbbc84f520,javaHome=/app/extra/android-studio/jre,daemonRegistryDir=/home/dalison/AndroidStudioProjects/app/gradle/daemon,pid=353,idleTimeout=10800000,priority=NORMAL,daemonOpts=-Xmx2048m,-Dfile.encoding=UTF-8,-Djava.io.tmpdir=/home/dalison/.var/app/com.google.AndroidStudio/cache,-Duser.country=BR,-Duser.language=pt,-Duser.variant]

BUILD SUCCESSFUL in 4s
26 actionable tasks: 4 executed, 22 up-to-date
2021-04-04T11:56:55.987-0300 [DEBUG] [org.gradle.launcher.daemon.server.exec.ExecuteBuild] The daemon has finished executing the build.
2021-04-04T11:56:55.997-0300 [DEBUG] [org.gradle.launcher.daemon.server.DaemonStateCoordinator] daemon is running. Sleeping until state changes.
2021-04-04T11:56:55.998-0300 [DEBUG] [org.gradle.launcher.daemon.server.DaemonStateCoordinator] Command execution: finished waiting for DaemonCommandExecution[command = Build{id=a212a0ae-d522-462c-bf76-6320e54fc8ec, currentDir=/home/dalison/AndroidStudioProjects/app}, connection = DefaultDaemonConnection: socket connection from /127.0.0.1:40287 to /127.0.0.1:38072]. Result org.gradle.launcher.daemon.server.DaemonStateCoordinator@3ae891cd with state Busy
2021-04-04T11:56:55.998-0300 [DEBUG] [org.gradle.launcher.daemon.server.DaemonStateCoordinator] Command execution: completed DaemonCommandExecution[command = Build{id=a212a0ae-d522-462c-bf76-6320e54fc8ec, currentDir=/home/dalison/AndroidStudioProjects/app}, connection = DefaultDaemonConnection: socket connection from /127.0.0.1:40287 to /127.0.0.1:38072]
2021-04-04T11:56:55.998-0300 [DEBUG] [org.gradle.launcher.daemon.server.DaemonStateCoordinator] resetting idle timer
2021-04-04T11:56:55.998-0300 [INFO] [org.gradle.launcher.daemon.server.DaemonRegistryUpdater] Marking the daemon as idle, address: [0328b58f-9cff-4970-a5e7-4e9e2d86912d port:40287, addresses:[localhost/127.0.0.1]]
2021-04-04T11:56:55.998-0300 [DEBUG] [org.gradle.launcher.daemon.registry.PersistentDaemonRegistry] Marking busy by address: [0328b58f-9cff-4970-a5e7-4e9e2d86912d port:40287, addresses:[localhost/127.0.0.1]]
2021-04-04T11:56:55.998-0300 [DEBUG] [org.gradle.cache.internal.DefaultFileLockManager] Waiting to acquire exclusive lock on daemon addresses registry.
2021-04-04T11:56:55.999-0300 [DEBUG] [org.gradle.cache.internal.DefaultFileLockManager] Lock acquired on daemon addresses registry.
2021-04-04T11:56:55.999-0300 [DEBUG] [org.gradle.cache.internal.DefaultFileLockManager] Releasing lock on daemon addresses registry.
2021-04-04T11:56:55.999-0300 [DEBUG] [org.gradle.launcher.daemon.server.exec.ReturnResult] Daemon is dispatching the build result: Success[value=org.gradle.launcher.exec.BuildActionResult@1edc2e04]
2021-04-04T11:56:55.999-0300 [DEBUG] [org.gradle.launcher.daemon.server.SynchronizedDispatchConnection] thread 142: dispatching Success[value=org.gradle.launcher.exec.BuildActionResult@1edc2e04]
2021-04-04T11:56:56.002-0300 [DEBUG] [org.gradle.launcher.daemon.server.DaemonStateCoordinator] daemon is running. Sleeping until state changes.
2021-04-04T11:56:56.003-0300 [DEBUG] [org.gradle.launcher.daemon.server.SynchronizedDispatchConnection] thread 143: received class org.gradle.launcher.daemon.protocol.Finished
2021-04-04T11:56:56.004-0300 [DEBUG] [org.gradle.launcher.daemon.server.DefaultDaemonConnection] thread 143: Received non-IO message from client: org.gradle.launcher.daemon.protocol.Finished@1bd3adab
2021-04-04T11:56:56.004-0300 [DEBUG] [org.gradle.internal.remote.internal.inet.SocketConnection] Discarding EOFException: java.io.EOFException
2021-04-04T11:56:56.010-0300 [DEBUG] [org.gradle.launcher.daemon.server.SynchronizedDispatchConnection] thread 143: received null
2021-04-04T11:56:56.010-0300 [DEBUG] [org.gradle.launcher.daemon.server.DefaultDaemonConnection] thread 143: Received end-of-input from client.
2021-04-04T11:56:56.019-0300 [DEBUG] [org.gradle.launcher.daemon.server.DefaultIncomingConnectionHandler] Finishing executing command: Build{id=a212a0ae-d522-462c-bf76-6320e54fc8ec, currentDir=/home/dalison/AndroidStudioProjects/app}
2021-04-04T11:56:56.019-0300 [DEBUG] [org.gradle.launcher.daemon.server.DefaultIncomingConnectionHandler] Received finished message: null
2021-04-04T11:56:56.019-0300 [DEBUG] [org.gradle.launcher.daemon.server.SynchronizedDispatchConnection] thread 142: stopping connection
2021-04-04T11:56:56.029-0300 [DEBUG] [org.gradle.launcher.daemon.server.SynchronizedDispatchConnection] thread 142: stopping connection
2021-04-04T11:56:56.587-0300 [DEBUG] [org.gradle.cache.internal.DefaultFileLockManager] Waiting to acquire shared lock on daemon addresses registry.
2021-04-04T11:56:56.587-0300 [DEBUG] [org.gradle.cache.internal.DefaultFileLockManager] Lock acquired on daemon addresses registry.
2021-04-04T11:56:56.587-0300 [DEBUG] [org.gradle.cache.internal.DefaultFileLockManager] Releasing lock on daemon addresses registry.
2021-04-04T11:56:56.587-0300 [DEBUG] [org.gradle.cache.internal.DefaultFileLockManager] Waiting to acquire shared lock on daemon addresses registry.
2021-04-04T11:56:56.588-0300 [DEBUG] [org.gradle.cache.internal.DefaultFileLockManager] Lock acquired on daemon addresses registry.
2021-04-04T11:56:56.588-0300 [DEBUG] [org.gradle.cache.internal.DefaultFileLockManager] Releasing lock on daemon addresses registry.
2021-04-04T11:57:06.587-0300 [DEBUG] [org.gradle.cache.internal.DefaultFileLockManager] Waiting to acquire shared lock on daemon addresses registry.
2021-04-04T11:57:06.587-0300 [DEBUG] [org.gradle.cache.internal.DefaultFileLockManager] Lock acquired on daemon addresses registry.
2021-04-04T11:57:06.587-0300 [DEBUG] [org.gradle.cache.internal.DefaultFileLockManager] Releasing lock on daemon addresses registry.
2021-04-04T11:57:06.587-0300 [DEBUG] [org.gradle.cache.internal.DefaultFileLockManager] Waiting to acquire shared lock on daemon addresses registry.
2021-04-04T11:57:06.587-0300 [DEBUG] [org.gradle.cache.internal.DefaultFileLockManager] Lock acquired on daemon addresses registry.
2021-04-04T11:57:06.587-0300 [DEBUG] [org.gradle.cache.internal.DefaultFileLockManager] Releasing lock on daemon addresses registry.
2021-04-04T11:57:06.588-0300 [DEBUG] [org.gradle.cache.internal.DefaultFileLockManager] Waiting to acquire shared lock on daemon addresses registry.
2021-04-04T11:57:06.588-0300 [DEBUG] [org.gradle.cache.internal.DefaultFileLockManager] Lock acquired on daemon addresses registry.
2021-04-04T11:57:06.588-0300 [DEBUG] [org.gradle.cache.internal.DefaultFileLockManager] Releasing lock on daemon addresses registry.
2021-04-04T11:57:16.587-0300 [DEBUG] [org.gradle.cache.internal.DefaultFileLockManager] Waiting to acquire shared lock on daemon addresses registry.
2021-04-04T11:57:16.587-0300 [DEBUG] [org.gradle.cache.internal.DefaultFileLockManager] Lock acquired on daemon addresses registry.
2021-04-04T11:57:16.588-0300 [DEBUG] [org.gradle.cache.internal.DefaultFileLockManager] Releasing lock on daemon addresses registry.
2021-04-04T11:57:16.588-0300 [DEBUG] [org.gradle.cache.internal.DefaultFileLockManager] Waiting to acquire shared lock on daemon addresses registry.
2021-04-04T11:57:16.589-0300 [DEBUG] [org.gradle.cache.internal.DefaultFileLockManager] Lock acquired on daemon addresses registry.
2021-04-04T11:57:16.589-0300 [DEBUG] [org.gradle.cache.internal.DefaultFileLockManager] Releasing lock on daemon addresses registry.
2021-04-04T11:57:16.590-0300 [DEBUG] [org.gradle.cache.internal.DefaultFileLockManager] Waiting to acquire shared lock on daemon addresses registry.
2021-04-04T11:57:16.590-0300 [DEBUG] [org.gradle.cache.internal.DefaultFileLockManager] Lock acquired on daemon addresses registry.
2021-04-04T11:57:16.590-0300 [DEBUG] [org.gradle.cache.internal.DefaultFileLockManager] Releasing lock on daemon addresses registry.
2021-04-04T11:57:26.588-0300 [DEBUG] [org.gradle.cache.internal.DefaultFileLockManager] Waiting to acquire shared lock on daemon addresses registry.
2021-04-04T11:57:26.588-0300 [DEBUG] [org.gradle.cache.internal.DefaultFileLockManager] Lock acquired on daemon addresses registry.
2021-04-04T11:57:26.588-0300 [DEBUG] [org.gradle.cache.internal.DefaultFileLockManager] Releasing lock on daemon addresses registry.
2021-04-04T11:57:26.589-0300 [DEBUG] [org.gradle.cache.internal.DefaultFileLockManager] Waiting to acquire shared lock on daemon addresses registry.
2021-04-04T11:57:26.589-0300 [DEBUG] [org.gradle.cache.internal.DefaultFileLockManager] Lock acquired on daemon addresses registry.
2021-04-04T11:57:26.590-0300 [DEBUG] [org.gradle.cache.internal.DefaultFileLockManager] Releasing lock on daemon addresses registry.
2021-04-04T11:57:26.590-0300 [DEBUG] [org.gradle.cache.internal.DefaultFileLockManager] Waiting to acquire shared lock on daemon addresses registry.
2021-04-04T11:57:26.590-0300 [DEBUG] [org.gradle.cache.internal.DefaultFileLockManager] Lock acquired on daemon addresses registry.
2021-04-04T11:57:26.591-0300 [DEBUG] [org.gradle.cache.internal.DefaultFileLockManager] Releasing lock on daemon addresses registry.
2021-04-04T11:57:36.587-0300 [DEBUG] [org.gradle.cache.internal.DefaultFileLockManager] Waiting to acquire shared lock on daemon addresses registry.
2021-04-04T11:57:36.587-0300 [DEBUG] [org.gradle.cache.internal.DefaultFileLockManager] Lock acquired on daemon addresses registry.
2021-04-04T11:57:36.588-0300 [DEBUG] [org.gradle.cache.internal.DefaultFileLockManager] Releasing lock on daemon addresses registry.
2021-04-04T11:57:36.588-0300 [DEBUG] [org.gradle.cache.internal.DefaultFileLockManager] Waiting to acquire shared lock on daemon addresses registry.
2021-04-04T11:57:36.589-0300 [DEBUG] [org.gradle.cache.internal.DefaultFileLockManager] Lock acquired on daemon addresses registry.
2021-04-04T11:57:36.589-0300 [DEBUG] [org.gradle.cache.internal.DefaultFileLockManager] Releasing lock on daemon addresses registry.
2021-04-04T11:57:36.590-0300 [DEBUG] [org.gradle.cache.internal.DefaultFileLockManager] Waiting to acquire shared lock on daemon addresses registry.
2021-04-04T11:57:36.590-0300 [DEBUG] [org.gradle.cache.internal.DefaultFileLockManager] Lock acquired on daemon addresses registry.
2021-04-04T11:57:36.590-0300 [DEBUG] [org.gradle.cache.internal.DefaultFileLockManager] Releasing lock on daemon addresses registry.
2021-04-04T11:57:46.587-0300 [DEBUG] [org.gradle.cache.internal.DefaultFileLockManager] Waiting to acquire shared lock on daemon addresses registry.
2021-04-04T11:57:46.587-0300 [DEBUG] [org.gradle.cache.internal.DefaultFileLockManager] Lock acquired on daemon addresses registry.
2021-04-04T11:57:46.587-0300 [DEBUG] [org.gradle.cache.internal.DefaultFileLockManager] Releasing lock on daemon addresses registry.
2021-04-04T11:57:46.587-0300 [DEBUG] [org.gradle.cache.internal.DefaultFileLockManager] Waiting to acquire shared lock on daemon addresses registry.
2021-04-04T11:57:46.588-0300 [DEBUG] [org.gradle.cache.internal.DefaultFileLockManager] Lock acquired on daemon addresses registry.
2021-04-04T11:57:46.588-0300 [DEBUG] [org.gradle.cache.internal.DefaultFileLockManager] Releasing lock on daemon addresses registry.
2021-04-04T11:57:46.588-0300 [DEBUG] [org.gradle.cache.internal.DefaultFileLockManager] Waiting to acquire shared lock on daemon addresses registry.
2021-04-04T11:57:46.588-0300 [DEBUG] [org.gradle.cache.internal.DefaultFileLockManager] Lock acquired on daemon addresses registry.
2021-04-04T11:57:46.588-0300 [DEBUG] [org.gradle.cache.internal.DefaultFileLockManager] Releasing lock on daemon addresses registry.
2021-04-04T11:57:51.251-0300 [DEBUG] [org.gradle.internal.remote.internal.inet.TcpIncomingConnector] Accepted connection from /127.0.0.1:38092 to /127.0.0.1:40287.
2021-04-04T11:57:51.257-0300 [DEBUG] [org.gradle.launcher.daemon.server.SynchronizedDispatchConnection] thread 262: received class org.gradle.launcher.daemon.protocol.Build
2021-04-04T11:57:51.257-0300 [DEBUG] [org.gradle.launcher.daemon.server.DefaultDaemonConnection] thread 262: Received non-IO message from client: Build{id=8f2c95df-6126-49e6-91de-0b706c173a50, currentDir=/home/dalison/AndroidStudioProjects/app}
2021-04-04T11:57:51.259-0300 [INFO] [org.gradle.launcher.daemon.server.DefaultIncomingConnectionHandler] Received command: Build{id=8f2c95df-6126-49e6-91de-0b706c173a50, currentDir=/home/dalison/AndroidStudioProjects/app}.
2021-04-04T11:57:51.259-0300 [DEBUG] [org.gradle.launcher.daemon.server.DefaultIncomingConnectionHandler] Starting executing command: Build{id=8f2c95df-6126-49e6-91de-0b706c173a50, currentDir=/home/dalison/AndroidStudioProjects/app} with connection: socket connection from /127.0.0.1:40287 to /127.0.0.1:38092.
2021-04-04T11:57:51.260-0300 [ERROR] [org.gradle.launcher.daemon.server.DaemonStateCoordinator] Command execution: started DaemonCommandExecution[command = Build{id=8f2c95df-6126-49e6-91de-0b706c173a50, currentDir=/home/dalison/AndroidStudioProjects/app}, connection = DefaultDaemonConnection: socket connection from /127.0.0.1:40287 to /127.0.0.1:38092] after 0.0 minutes of idle
2021-04-04T11:57:51.260-0300 [INFO] [org.gradle.launcher.daemon.server.DaemonRegistryUpdater] Marking the daemon as busy, address: [0328b58f-9cff-4970-a5e7-4e9e2d86912d port:40287, addresses:[localhost/127.0.0.1]]
2021-04-04T11:57:51.260-0300 [DEBUG] [org.gradle.launcher.daemon.registry.PersistentDaemonRegistry] Marking busy by address: [0328b58f-9cff-4970-a5e7-4e9e2d86912d port:40287, addresses:[localhost/127.0.0.1]]
2021-04-04T11:57:51.260-0300 [DEBUG] [org.gradle.cache.internal.DefaultFileLockManager] Waiting to acquire exclusive lock on daemon addresses registry.
2021-04-04T11:57:51.260-0300 [DEBUG] [org.gradle.cache.internal.DefaultFileLockManager] Lock acquired on daemon addresses registry.
2021-04-04T11:57:51.260-0300 [DEBUG] [org.gradle.cache.internal.DefaultFileLockManager] Releasing lock on daemon addresses registry.
2021-04-04T11:57:51.260-0300 [DEBUG] [org.gradle.launcher.daemon.server.DaemonStateCoordinator] resetting idle timer
2021-04-04T11:57:51.261-0300 [DEBUG] [org.gradle.launcher.daemon.server.DaemonStateCoordinator] daemon is running. Sleeping until state changes.
2021-04-04T11:57:51.261-0300 [INFO] [org.gradle.launcher.daemon.server.exec.StartBuildOrRespondWithBusy] Daemon is about to start building Build{id=8f2c95df-6126-49e6-91de-0b706c173a50, currentDir=/home/dalison/AndroidStudioProjects/app}. Dispatching build started information...
2021-04-04T11:57:51.261-0300 [DEBUG] [org.gradle.launcher.daemon.server.SynchronizedDispatchConnection] thread 145: dispatching org.gradle.launcher.daemon.protocol.BuildStarted@702423ea
2021-04-04T11:57:51.261-0300 [DEBUG] [org.gradle.launcher.daemon.server.exec.EstablishBuildEnvironment] Configuring env variables: {PATH=/app/bin:/usr/bin:, XAUTHORITY=/run/user/1000/Xauthority, XDG_DATA_DIRS=/app/share:/usr/share:/usr/share/runtime/share:/run/host/user-share:/run/host/share, MANDATORY_PATH=/usr/share/gconf/cinnamon.mandatory.path, GDMSESSION=cinnamon, DBUS_SESSION_BUS_ADDRESS=unix:path=/run/user/1000/bus, DEFAULTS_PATH=/usr/share/gconf/cinnamon.default.path, XDG_CURRENT_DESKTOP=X-Cinnamon, XDG_CACHE_HOME=/home/dalison/.var/app/com.google.AndroidStudio/cache, SSH_AGENT_PID=1000, SESSION_MANAGER=local/dalison-B85M-D3PH:@/tmp/.ICE-unix/936,unix/dalison-B85M-D3PH:/tmp/.ICE-unix/936, ALSA_CONFIG_PATH=/usr/share/alsa/alsa-flatpak.conf, LOGNAME=dalison, GST_PLUGIN_SYSTEM_PATH=/app/lib/gstreamer-1.0:/usr/lib/extensions/gstreamer-1.0:/usr/lib/x86_64-linux-gnu/gstreamer-1.0, PWD=/home/dalison, LANGUAGE=pt_BR:pt:en, GJS_DEBUG_TOPICS=JS ERROR;JS LOG, SHELL=/bin/sh, GIO_LAUNCHED_DESKTOP_FILE=/var/lib/flatpak/exports/share/applications/com.google.AndroidStudio.desktop, AT_SPI_BUS_ADDRESS=unix:path=/run/user/1000/at-spi-bus, OLDPWD=/app/extra/android-studio/bin, GNOME_DESKTOP_SESSION_ID=this-is-deprecated, GTK_MODULES=gail:atk-bridge, XDG_SESSION_PATH=/org/freedesktop/DisplayManager/Session0, _JAVA_OPTIONS=-Djava.io.tmpdir=/home/dalison/.var/app/com.google.AndroidStudio/cache, ALSA_CONFIG_DIR=/usr/share/alsa, XDG_SESSION_DESKTOP=cinnamon, SHLVL=1, PULSE_CLIENTCONFIG=/run/user/1000/pulse/config, JAVA_HOME=/app/extra/android-studio/jre, XDG_CONFIG_DIRS=/app/etc/xdg:/etc/xdg, LANG=pt_BR.UTF-8, XDG_SEAT_PATH=/org/freedesktop/DisplayManager/Seat0, XDG_SESSION_ID=c1, XDG_SESSION_TYPE=x11, FLATPAK_SANDBOX_DIR=/home/dalison/.var/app/com.google.AndroidStudio/sandbox, DISPLAY=:99.0, QT_DEVICE_PIXEL_RATIO=auto, CINNAMON_VERSION=4.4.8, GI_TYPELIB_PATH=/app/lib/girepository-1.0, _=/app/extra/android-studio/jre/bin/java, PT7HOME=/opt/pt, GDM_LANG=pt_BR, XDG_DATA_HOME=/home/dalison/.var/app/com.google.AndroidStudio/data, XDG_GREETER_DATA_DIR=/var/lib/lightdm-data/dalison, DESKTOP_SESSION=cinnamon, GPG_AGENT_INFO=/run/user/1000/gnupg/S.gpg-agent:0:1, USER=dalison, XDG_CONFIG_HOME=/home/dalison/.var/app/com.google.AndroidStudio/config, GIO_LAUNCHED_DESKTOP_FILE_PID=20119, QT_ACCESSIBILITY=1, PULSE_SERVER=unix:/run/user/1000/pulse/native, GJS_DEBUG_OUTPUT=stderr, XDG_SEAT=seat0, SSH_AUTH_SOCK=/run/user/1000/ssh-auth, GTK_OVERLAY_SCROLLING=1, QT_QPA_PLATFORMTHEME=qt5ct, XDG_VTNR=7, XDG_RUNTIME_DIR=/run/user/1000, HOME=/home/dalison}
2021-04-04T11:57:51.262-0300 [DEBUG] [org.gradle.launcher.daemon.server.exec.LogToClient] About to start relaying all logs to the client via the connection.
2021-04-04T11:57:51.262-0300 [INFO] [org.gradle.launcher.daemon.server.exec.LogToClient] The client will now receive all logging from the daemon (pid: 353). The daemon log file: /home/dalison/AndroidStudioProjects/app/gradle/daemon/6.5/daemon-353.out.log
2021-04-04T11:57:51.262-0300 [INFO] [org.gradle.launcher.daemon.server.exec.LogAndCheckHealth] Starting 3rd build in daemon [uptime: 5 mins 54.784 secs, performance: 94%, GC rate: 0,21/s, heap usage: 2% of 1,4 GB]
2021-04-04T11:57:51.266-0300 [DEBUG] [org.gradle.launcher.daemon.server.exec.ExecuteBuild] The daemon has started executing the build.
2021-04-04T11:57:51.266-0300 [DEBUG] [org.gradle.launcher.daemon.server.exec.ExecuteBuild] Executing build with daemon context: DefaultDaemonContext[uid=1347045b-d8e8-4e0c-9521-2acbbc84f520,javaHome=/app/extra/android-studio/jre,daemonRegistryDir=/home/dalison/AndroidStudioProjects/app/gradle/daemon,pid=353,idleTimeout=10800000,priority=NORMAL,daemonOpts=-Xmx2048m,-Dfile.encoding=UTF-8,-Djava.io.tmpdir=/home/dalison/.var/app/com.google.AndroidStudio/cache,-Duser.country=BR,-Duser.language=pt,-Duser.variant]

BUILD SUCCESSFUL in 1s
26 actionable tasks: 26 up-to-date
2021-04-04T11:57:52.781-0300 [DEBUG] [org.gradle.launcher.daemon.server.exec.ExecuteBuild] The daemon has finished executing the build.
2021-04-04T11:57:52.792-0300 [DEBUG] [org.gradle.launcher.daemon.server.DaemonStateCoordinator] Command execution: finished waiting for DaemonCommandExecution[command = Build{id=8f2c95df-6126-49e6-91de-0b706c173a50, currentDir=/home/dalison/AndroidStudioProjects/app}, connection = DefaultDaemonConnection: socket connection from /127.0.0.1:40287 to /127.0.0.1:38092]. Result org.gradle.launcher.daemon.server.DaemonStateCoordinator@3ae891cd with state Busy
2021-04-04T11:57:52.793-0300 [DEBUG] [org.gradle.launcher.daemon.server.DaemonStateCoordinator] Command execution: completed DaemonCommandExecution[command = Build{id=8f2c95df-6126-49e6-91de-0b706c173a50, currentDir=/home/dalison/AndroidStudioProjects/app}, connection = DefaultDaemonConnection: socket connection from /127.0.0.1:40287 to /127.0.0.1:38092]
2021-04-04T11:57:52.793-0300 [DEBUG] [org.gradle.launcher.daemon.server.DaemonStateCoordinator] resetting idle timer
2021-04-04T11:57:52.793-0300 [INFO] [org.gradle.launcher.daemon.server.DaemonRegistryUpdater] Marking the daemon as idle, address: [0328b58f-9cff-4970-a5e7-4e9e2d86912d port:40287, addresses:[localhost/127.0.0.1]]
2021-04-04T11:57:52.793-0300 [DEBUG] [org.gradle.launcher.daemon.registry.PersistentDaemonRegistry] Marking busy by address: [0328b58f-9cff-4970-a5e7-4e9e2d86912d port:40287, addresses:[localhost/127.0.0.1]]
2021-04-04T11:57:52.793-0300 [DEBUG] [org.gradle.cache.internal.DefaultFileLockManager] Waiting to acquire exclusive lock on daemon addresses registry.
2021-04-04T11:57:52.793-0300 [DEBUG] [org.gradle.cache.internal.DefaultFileLockManager] Lock acquired on daemon addresses registry.
2021-04-04T11:57:52.794-0300 [DEBUG] [org.gradle.cache.internal.DefaultFileLockManager] Releasing lock on daemon addresses registry.
2021-04-04T11:57:52.794-0300 [DEBUG] [org.gradle.launcher.daemon.server.DaemonStateCoordinator] daemon is running. Sleeping until state changes.
2021-04-04T11:57:52.794-0300 [DEBUG] [org.gradle.launcher.daemon.server.exec.ReturnResult] Daemon is dispatching the build result: Success[value=org.gradle.launcher.exec.BuildActionResult@1a07375]
2021-04-04T11:57:52.794-0300 [DEBUG] [org.gradle.launcher.daemon.server.SynchronizedDispatchConnection] thread 142: dispatching Success[value=org.gradle.launcher.exec.BuildActionResult@1a07375]
2021-04-04T11:57:52.794-0300 [DEBUG] [org.gradle.launcher.daemon.server.DefaultIncomingConnectionHandler] Finishing executing command: Build{id=8f2c95df-6126-49e6-91de-0b706c173a50, currentDir=/home/dalison/AndroidStudioProjects/app}
2021-04-04T11:57:52.800-0300 [DEBUG] [org.gradle.launcher.daemon.server.SynchronizedDispatchConnection] thread 262: received class org.gradle.launcher.daemon.protocol.Finished
2021-04-04T11:57:52.800-0300 [DEBUG] [org.gradle.launcher.daemon.server.DefaultDaemonConnection] thread 262: Received non-IO message from client: org.gradle.launcher.daemon.protocol.Finished@6ece29ad
2021-04-04T11:57:52.800-0300 [DEBUG] [org.gradle.internal.remote.internal.inet.SocketConnection] Discarding EOFException: java.io.EOFException
2021-04-04T11:57:52.800-0300 [DEBUG] [org.gradle.launcher.daemon.server.SynchronizedDispatchConnection] thread 262: received null
2021-04-04T11:57:52.801-0300 [DEBUG] [org.gradle.launcher.daemon.server.DefaultDaemonConnection] thread 262: Received end-of-input from client.
2021-04-04T11:57:52.801-0300 [DEBUG] [org.gradle.launcher.daemon.server.DefaultIncomingConnectionHandler] Received finished message: null
2021-04-04T11:57:52.801-0300 [DEBUG] [org.gradle.launcher.daemon.server.SynchronizedDispatchConnection] thread 142: stopping connection
2021-04-04T11:57:52.807-0300 [DEBUG] [org.gradle.launcher.daemon.server.SynchronizedDispatchConnection] thread 142: stopping connection
2021-04-04T11:57:56.587-0300 [DEBUG] [org.gradle.cache.internal.DefaultFileLockManager] Waiting to acquire shared lock on daemon addresses registry.
2021-04-04T11:57:56.587-0300 [DEBUG] [org.gradle.cache.internal.DefaultFileLockManager] Lock acquired on daemon addresses registry.
2021-04-04T11:57:56.587-0300 [DEBUG] [org.gradle.cache.internal.DefaultFileLockManager] Releasing lock on daemon addresses registry.
2021-04-04T11:57:56.587-0300 [DEBUG] [org.gradle.cache.internal.DefaultFileLockManager] Waiting to acquire shared lock on daemon addresses registry.
2021-04-04T11:57:56.587-0300 [DEBUG] [org.gradle.cache.internal.DefaultFileLockManager] Lock acquired on daemon addresses registry.
2021-04-04T11:57:56.587-0300 [DEBUG] [org.gradle.cache.internal.DefaultFileLockManager] Releasing lock on daemon addresses registry.
2021-04-04T11:58:04.408-0300 [DEBUG] [org.gradle.internal.remote.internal.inet.TcpIncomingConnector] Accepted connection from /127.0.0.1:38114 to /127.0.0.1:40287.
2021-04-04T11:58:04.414-0300 [DEBUG] [org.gradle.launcher.daemon.server.SynchronizedDispatchConnection] thread 278: received class org.gradle.launcher.daemon.protocol.Stop
2021-04-04T11:58:04.414-0300 [DEBUG] [org.gradle.launcher.daemon.server.DefaultDaemonConnection] thread 278: Received non-IO message from client: Stop[id=cb94f0b0-ae79-4420-839f-7b3da33bd429]
2021-04-04T11:58:04.416-0300 [INFO] [org.gradle.launcher.daemon.server.DefaultIncomingConnectionHandler] Received command: Stop[id=cb94f0b0-ae79-4420-839f-7b3da33bd429].
2021-04-04T11:58:04.416-0300 [DEBUG] [org.gradle.launcher.daemon.server.DefaultIncomingConnectionHandler] Starting executing command: Stop[id=cb94f0b0-ae79-4420-839f-7b3da33bd429] with connection: socket connection from /127.0.0.1:40287 to /127.0.0.1:38114.
2021-04-04T11:58:04.417-0300 [DEBUG] [org.gradle.launcher.daemon.server.DaemonRegistryUpdater] Storing daemon stop event: stop command received
2021-04-04T11:58:04.417-0300 [DEBUG] [org.gradle.launcher.daemon.registry.PersistentDaemonRegistry] Storing daemon stop event with timestamp 1617548284417
2021-04-04T11:58:04.418-0300 [DEBUG] [org.gradle.cache.internal.DefaultFileLockManager] Waiting to acquire exclusive lock on daemon addresses registry.
2021-04-04T11:58:04.418-0300 [DEBUG] [org.gradle.cache.internal.DefaultFileLockManager] Lock acquired on daemon addresses registry.
2021-04-04T11:58:04.418-0300 [DEBUG] [org.gradle.cache.internal.DefaultFileLockManager] Releasing lock on daemon addresses registry.
2021-04-04T11:58:04.418-0300 [LIFECYCLE] [org.gradle.launcher.daemon.server.DaemonStateCoordinator] Daemon is stopping immediately stop command received
2021-04-04T11:58:04.418-0300 [DEBUG] [org.gradle.launcher.daemon.server.DaemonStateCoordinator] Marking daemon stopped due to stop command received. The daemon is running a build: false
2021-04-04T11:58:04.419-0300 [DEBUG] [org.gradle.launcher.daemon.server.DaemonStateCoordinator] daemon has stopped.
2021-04-04T11:58:04.419-0300 [DEBUG] [org.gradle.launcher.daemon.server.SynchronizedDispatchConnection] thread 142: dispatching Success[value=null]
2021-04-04T11:58:04.419-0300 [DEBUG] [org.gradle.launcher.daemon.server.Daemon] stop() called on daemon
2021-04-04T11:58:04.419-0300 [INFO] [org.gradle.launcher.daemon.server.Daemon] Stop requested. Daemon is removing its presence from the registry...
2021-04-04T11:58:04.419-0300 [DEBUG] [org.gradle.launcher.daemon.server.DefaultIncomingConnectionHandler] Finishing executing command: Stop[id=cb94f0b0-ae79-4420-839f-7b3da33bd429]
2021-04-04T11:58:04.419-0300 [DEBUG] [org.gradle.launcher.daemon.server.DaemonRegistryUpdater] Removing our presence to clients, eg. removing this address from the registry: [0328b58f-9cff-4970-a5e7-4e9e2d86912d port:40287, addresses:[localhost/127.0.0.1]]
2021-04-04T11:58:04.419-0300 [DEBUG] [org.gradle.launcher.daemon.registry.PersistentDaemonRegistry] Removing daemon address: [0328b58f-9cff-4970-a5e7-4e9e2d86912d port:40287, addresses:[localhost/127.0.0.1]]
2021-04-04T11:58:04.419-0300 [DEBUG] [org.gradle.cache.internal.DefaultFileLockManager] Waiting to acquire exclusive lock on daemon addresses registry.
2021-04-04T11:58:04.419-0300 [DEBUG] [org.gradle.cache.internal.DefaultFileLockManager] Lock acquired on daemon addresses registry.
2021-04-04T11:58:04.420-0300 [DEBUG] [org.gradle.cache.internal.DefaultFileLockManager] Releasing lock on daemon addresses registry.
2021-04-04T11:58:04.420-0300 [DEBUG] [org.gradle.launcher.daemon.server.DaemonRegistryUpdater] Address removed from registry.
2021-04-04T11:58:04.420-0300 [DEBUG] [org.gradle.launcher.daemon.server.SynchronizedDispatchConnection] thread 278: received class org.gradle.launcher.daemon.protocol.Finished
2021-04-04T11:58:04.421-0300 [DEBUG] [org.gradle.launcher.daemon.server.DefaultDaemonConnection] thread 278: Received non-IO message from client: org.gradle.launcher.daemon.protocol.Finished@6e138599
2021-04-04T11:58:04.421-0300 [DEBUG] [org.gradle.internal.remote.internal.inet.SocketConnection] Discarding EOFException: java.io.EOFException
2021-04-04T11:58:04.421-0300 [DEBUG] [org.gradle.launcher.daemon.server.SynchronizedDispatchConnection] thread 278: received null
2021-04-04T11:58:04.421-0300 [DEBUG] [org.gradle.launcher.daemon.server.DefaultDaemonConnection] thread 278: Received end-of-input from client.
2021-04-04T11:58:04.422-0300 [DEBUG] [org.gradle.launcher.daemon.server.DefaultIncomingConnectionHandler] Received finished message: null
2021-04-04T11:58:04.422-0300 [DEBUG] [org.gradle.launcher.daemon.server.SynchronizedDispatchConnection] thread 142: stopping connection
2021-04-04T11:58:04.423-0300 [DEBUG] [org.gradle.launcher.daemon.server.SynchronizedDispatchConnection] thread 142: stopping connection
2021-04-04T11:58:04.430-0300 [DEBUG] [org.gradle.cache.internal.LockOnDemandCrossProcessCacheAccess] Releasing file lock for jars (/home/dalison/AndroidStudioProjects/app/gradle/caches/jars-8)
2021-04-04T11:58:04.430-0300 [DEBUG] [org.gradle.cache.internal.DefaultFileLockManager] Releasing lock on jars (/home/dalison/AndroidStudioProjects/app/gradle/caches/jars-8).
2021-04-04T11:58:04.430-0300 [DEBUG] [org.gradle.cache.internal.DefaultPersistentDirectoryStore] jars (/home/dalison/AndroidStudioProjects/app/gradle/caches/jars-8) has last been fully cleaned up 17 hours ago
2021-04-04T11:58:04.433-0300 [DEBUG] [org.gradle.cache.internal.LockOnDemandCrossProcessCacheAccess] Releasing file lock for file content cache (/home/dalison/AndroidStudioProjects/app/gradle/caches/6.5/fileContent)
2021-04-04T11:58:04.433-0300 [DEBUG] [org.gradle.cache.internal.DefaultFileLockManager] Releasing lock on file content cache (/home/dalison/AndroidStudioProjects/app/gradle/caches/6.5/fileContent).
2021-04-04T11:58:04.433-0300 [DEBUG] [org.gradle.cache.internal.LockOnDemandCrossProcessCacheAccess] Releasing file lock for Java compile cache (/home/dalison/AndroidStudioProjects/app/gradle/caches/6.5/javaCompile)
2021-04-04T11:58:04.433-0300 [DEBUG] [org.gradle.cache.internal.btree.BTreePersistentIndexedCache] Closing cache jarAnalysis.bin (/home/dalison/AndroidStudioProjects/app/gradle/caches/6.5/javaCompile/jarAnalysis.bin)
2021-04-04T11:58:04.434-0300 [DEBUG] [org.gradle.cache.internal.DefaultFileLockManager] Releasing lock on Java compile cache (/home/dalison/AndroidStudioProjects/app/gradle/caches/6.5/javaCompile).
2021-04-04T11:58:04.435-0300 [DEBUG] [org.gradle.cache.internal.LockOnDemandCrossProcessCacheAccess] Releasing file lock for Artifact transforms cache (/home/dalison/AndroidStudioProjects/app/gradle/caches/transforms-2)
2021-04-04T11:58:04.435-0300 [DEBUG] [org.gradle.cache.internal.DefaultFileLockManager] Releasing lock on Artifact transforms cache (/home/dalison/AndroidStudioProjects/app/gradle/caches/transforms-2).
2021-04-04T11:58:04.435-0300 [DEBUG] [org.gradle.cache.internal.DefaultPersistentDirectoryStore] Artifact transforms cache (/home/dalison/AndroidStudioProjects/app/gradle/caches/transforms-2) has last been fully cleaned up 17 hours ago
2021-04-04T11:58:04.435-0300 [DEBUG] [org.gradle.cache.internal.LockOnDemandCrossProcessCacheAccess] Releasing file lock for artifact cache (/home/dalison/AndroidStudioProjects/app/gradle/caches/modules-2)
2021-04-04T11:58:04.435-0300 [DEBUG] [org.gradle.cache.internal.btree.BTreePersistentIndexedCache] Closing cache module-artifacts.bin (/home/dalison/AndroidStudioProjects/app/gradle/caches/modules-2/metadata-2.96/module-artifacts.bin)
2021-04-04T11:58:04.436-0300 [DEBUG] [org.gradle.cache.internal.btree.BTreePersistentIndexedCache] Closing cache module-metadata.bin (/home/dalison/AndroidStudioProjects/app/gradle/caches/modules-2/metadata-2.96/module-metadata.bin)
2021-04-04T11:58:04.436-0300 [DEBUG] [org.gradle.cache.internal.btree.BTreePersistentIndexedCache] Closing cache module-artifact.bin (/home/dalison/AndroidStudioProjects/app/gradle/caches/modules-2/metadata-2.96/module-artifact.bin)
2021-04-04T11:58:04.436-0300 [DEBUG] [org.gradle.cache.internal.DefaultFileLockManager] Releasing lock on artifact cache (/home/dalison/AndroidStudioProjects/app/gradle/caches/modules-2).
2021-04-04T11:58:04.437-0300 [DEBUG] [org.gradle.cache.internal.DefaultPersistentDirectoryStore] artifact cache (/home/dalison/AndroidStudioProjects/app/gradle/caches/modules-2) has last been fully cleaned up 17 hours ago
2021-04-04T11:58:04.437-0300 [DEBUG] [org.gradle.cache.internal.DefaultCacheAccess] Cache Generated Gradle JARs cache (/home/dalison/AndroidStudioProjects/app/gradle/caches/6.5/generated-gradle-jars) was closed 0 times.
2021-04-04T11:58:04.438-0300 [DEBUG] [org.gradle.cache.internal.LockOnDemandCrossProcessCacheAccess] Releasing file lock for journal cache (/home/dalison/AndroidStudioProjects/app/gradle/caches/journal-1)
2021-04-04T11:58:04.438-0300 [DEBUG] [org.gradle.cache.internal.btree.BTreePersistentIndexedCache] Closing cache file-access.bin (/home/dalison/AndroidStudioProjects/app/gradle/caches/journal-1/file-access.bin)
2021-04-04T11:58:04.438-0300 [DEBUG] [org.gradle.cache.internal.DefaultFileLockManager] Releasing lock on journal cache (/home/dalison/AndroidStudioProjects/app/gradle/caches/journal-1).
2021-04-04T11:58:04.441-0300 [DEBUG] [org.gradle.cache.internal.LockOnDemandCrossProcessCacheAccess] Releasing file lock for file hash cache (/home/dalison/AndroidStudioProjects/app/gradle/caches/6.5/fileHashes)
2021-04-04T11:58:04.441-0300 [DEBUG] [org.gradle.cache.internal.btree.BTreePersistentIndexedCache] Closing cache fileHashes.bin (/home/dalison/AndroidStudioProjects/app/gradle/caches/6.5/fileHashes/fileHashes.bin)
2021-04-04T11:58:04.441-0300 [DEBUG] [org.gradle.cache.internal.btree.BTreePersistentIndexedCache] Closing cache resourceHashesCache.bin (/home/dalison/AndroidStudioProjects/app/gradle/caches/6.5/fileHashes/resourceHashesCache.bin)
2021-04-04T11:58:04.441-0300 [DEBUG] [org.gradle.cache.internal.DefaultFileLockManager] Releasing lock on file hash cache (/home/dalison/AndroidStudioProjects/app/gradle/caches/6.5/fileHashes).
2021-04-04T11:58:04.441-0300 [DEBUG] [org.gradle.cache.internal.LockOnDemandCrossProcessCacheAccess] Releasing file lock for execution history cache (/home/dalison/AndroidStudioProjects/app/gradle/caches/6.5/executionHistory)
2021-04-04T11:58:04.441-0300 [DEBUG] [org.gradle.cache.internal.btree.BTreePersistentIndexedCache] Closing cache executionHistory.bin (/home/dalison/AndroidStudioProjects/app/gradle/caches/6.5/executionHistory/executionHistory.bin)
2021-04-04T11:58:04.441-0300 [DEBUG] [org.gradle.cache.internal.DefaultFileLockManager] Releasing lock on execution history cache (/home/dalison/AndroidStudioProjects/app/gradle/caches/6.5/executionHistory).
Daemon vm is shutting down... The daemon has exited normally or was terminated in response to a user interrupt.
2021-04-04T11:58:04.444-0300 [DEBUG] [org.gradle.launcher.daemon.registry.PersistentDaemonRegistry] Removing daemon address: [0328b58f-9cff-4970-a5e7-4e9e2d86912d port:40287, addresses:[localhost/127.0.0.1]]
2021-04-04T11:58:04.447-0300 [DEBUG] [org.gradle.cache.internal.DefaultFileLockManager] Waiting to acquire exclusive lock on daemon addresses registry.
2021-04-04T11:58:04.448-0300 [DEBUG] [org.gradle.cache.internal.DefaultFileLockManager] Lock acquired on daemon addresses registry.
2021-04-04T11:58:04.448-0300 [DEBUG] [org.gradle.cache.internal.DefaultFileLockManager] Releasing lock on daemon addresses registry.
